2025-11-18 15:22:58.322+0000 INFO  [neo4j]: logged in within cluster
2025-11-18 15:22:58.322+0000 INFO  [neo4j]: logged in within cluster
2025-11-18 15:22:58.322+0000 INFO  [neo4j]: logged in within cluster
2025-11-18 15:22:58.323+0000 INFO  [neo4j]: logged in within cluster
2025-11-18 15:23:23.182+0000 INFO  [neo4j]: logged in within cluster
2025-11-18 15:24:17.351+0000 INFO  [neo4j]: CREATE DATABASE foo TOPOLOGY 3 PRIMARIES
2025-11-18 15:26:34.519+0000 INFO  [neo4j]: logged in
2025-11-18 15:26:34.549+0000 INFO  [neo4j]: logged in
2025-11-18 15:26:34.606+0000 INFO  [neo4j]: logged in
2025-11-18 15:26:34.754+0000 INFO  [neo4j]: logged in
2025-11-18 15:26:34.810+0000 INFO  [neo4j]: logged in
2025-11-18 15:26:34.903+0000 INFO  [neo4j]: logged in
2025-11-18 15:26:34.956+0000 INFO  [neo4j]: logged in
2025-11-18 15:26:34.956+0000 INFO  [neo4j]: logged in
2025-11-18 15:26:34.956+0000 INFO  [neo4j]: logged in
2025-11-18 15:26:34.956+0000 INFO  [neo4j]: logged in
2025-11-18 15:26:34.956+0000 INFO  [neo4j]: logged in
2025-11-18 15:26:34.956+0000 INFO  [neo4j]: logged in
2025-11-18 15:26:34.963+0000 INFO  [neo4j]: logged in
2025-11-18 15:26:34.963+0000 INFO  [neo4j]: logged in
2025-11-18 15:26:34.963+0000 INFO  [neo4j]: logged in
2025-11-18 15:26:34.964+0000 INFO  [neo4j]: logged in
2025-11-18 15:26:34.964+0000 INFO  [neo4j]: logged in
2025-11-18 15:26:34.964+0000 INFO  [neo4j]: logged in
2025-11-18 15:26:34.970+0000 INFO  [neo4j]: logged in
2025-11-18 15:26:34.975+0000 INFO  [neo4j]: logged in
2025-11-18 15:26:34.976+0000 INFO  [neo4j]: logged in
2025-11-18 15:26:34.979+0000 INFO  [neo4j]: logged in
2025-11-18 15:26:34.980+0000 INFO  [neo4j]: logged in
2025-11-18 15:26:34.991+0000 INFO  [neo4j]: logged in
2025-11-18 15:26:35.012+0000 INFO  [neo4j]: logged in
2025-11-18 15:26:35.017+0000 INFO  [neo4j]: logged in
2025-11-18 15:26:35.029+0000 INFO  [neo4j]: logged in
2025-11-18 15:26:35.118+0000 INFO  [neo4j]: logged in
2025-11-18 15:26:35.129+0000 INFO  [neo4j]: logged in
2025-11-18 15:26:35.171+0000 INFO  [neo4j]: logged in
2025-11-18 15:26:35.181+0000 INFO  [neo4j]: logged in
2025-11-18 15:26:35.209+0000 INFO  [neo4j]: logged in
2025-11-18 15:26:35.243+0000 INFO  [neo4j]: logged in
2025-11-18 15:26:35.326+0000 INFO  [neo4j]: logged in
2025-11-18 15:26:35.608+0000 INFO  [neo4j]: logged in
2025-11-18 15:26:35.640+0000 INFO  [neo4j]: logged in
2025-11-18 15:26:35.640+0000 INFO  [neo4j]: logged in
2025-11-18 15:26:35.640+0000 INFO  [neo4j]: logged in
2025-11-18 15:26:35.645+0000 INFO  [neo4j]: logged in
2025-11-18 15:26:35.652+0000 INFO  [neo4j]: logged in
2025-11-18 15:26:35.656+0000 INFO  [neo4j]: logged in
2025-11-18 15:26:35.657+0000 INFO  [neo4j]: logged in
2025-11-18 15:26:35.663+0000 INFO  [neo4j]: logged in
2025-11-18 15:26:35.674+0000 INFO  [neo4j]: logged in
2025-11-18 15:26:35.675+0000 INFO  [neo4j]: logged in
2025-11-18 15:26:35.676+0000 INFO  [neo4j]: logged in
2025-11-18 15:26:35.689+0000 INFO  [neo4j]: logged in
2025-11-18 15:26:35.734+0000 INFO  [neo4j]: logged in
2025-11-18 15:26:35.785+0000 INFO  [neo4j]: logged in
2025-11-18 15:26:36.006+0000 INFO  [neo4j]: logged in
2025-11-18 15:26:50.941+0000 INFO  [neo4j]: logged in within cluster
2025-11-18 15:26:50.941+0000 INFO  [neo4j]: logged in within cluster
2025-11-18 15:26:50.956+0000 INFO  [neo4j]: logged in within cluster
2025-11-18 15:26:50.956+0000 INFO  [neo4j]: logged in within cluster
2025-11-18 15:27:05.020+0000 INFO  [neo4j]: logged in
2025-11-18 15:27:05.042+0000 INFO  [neo4j]: logged in
2025-11-18 15:27:05.051+0000 INFO  [neo4j]: logged in
2025-11-18 15:27:05.077+0000 INFO  [neo4j]: logged in
2025-11-18 15:27:07.169+0000 INFO  [neo4j]: logged in within cluster
2025-11-18 15:27:07.172+0000 INFO  [neo4j]: logged in within cluster
2025-11-18 15:27:07.183+0000 INFO  [neo4j]: logged in within cluster
2025-11-18 15:27:07.198+0000 INFO  [neo4j]: logged in within cluster
2025-11-18 15:27:17.155+0000 INFO  [neo4j]: logged in within cluster
2025-11-18 15:27:17.170+0000 INFO  [neo4j]: logged in within cluster
2025-11-18 15:27:17.188+0000 INFO  [neo4j]: CREATE DATABASE redesocial TOPOLOGY 3 PRIMARIES
2025-11-18 15:27:25.416+0000 INFO  [neo4j]: logged in
2025-11-18 15:27:25.425+0000 INFO  [neo4j]: logged in
2025-11-18 15:27:25.554+0000 INFO  [neo4j]: logged in
2025-11-18 15:27:35.677+0000 INFO  [neo4j]: logged in within cluster
2025-11-18 15:27:35.975+0000 INFO  [neo4j]: logged in
2025-11-18 15:27:35.995+0000 INFO  [neo4j]: logged in
2025-11-18 15:27:36.003+0000 INFO  [neo4j]: logged in
2025-11-18 15:27:36.023+0000 INFO  [neo4j]: logged in
2025-11-18 15:27:53.778+0000 INFO  [neo4j]: logged in within cluster
2025-11-18 15:27:53.778+0000 INFO  [neo4j]: logged in within cluster
2025-11-18 15:27:53.779+0000 INFO  [neo4j]: logged in within cluster
2025-11-18 15:28:06.204+0000 INFO  [neo4j]: logged in
2025-11-18 15:28:06.223+0000 INFO  [neo4j]: logged in
2025-11-18 15:28:06.232+0000 INFO  [neo4j]: logged in
2025-11-18 15:28:06.254+0000 INFO  [neo4j]: logged in
2025-11-18 15:28:07.128+0000 INFO  [neo4j]: logged in within cluster
2025-11-18 15:28:36.716+0000 INFO  [neo4j]: logged in
2025-11-18 15:28:36.738+0000 INFO  [neo4j]: logged in
2025-11-18 15:28:36.750+0000 INFO  [neo4j]: logged in
2025-11-18 15:28:36.772+0000 INFO  [neo4j]: logged in
2025-11-18 15:29:07.712+0000 INFO  [neo4j]: logged in
2025-11-18 15:29:07.731+0000 INFO  [neo4j]: logged in
2025-11-18 15:29:07.739+0000 INFO  [neo4j]: logged in
2025-11-18 15:29:07.758+0000 INFO  [neo4j]: logged in
2025-11-18 15:29:14.001+0000 INFO  [neo4j]: logged in
2025-11-18 15:29:14.012+0000 INFO  [neo4j]: logged in
2025-11-18 15:29:14.076+0000 INFO  [neo4j]: logged in
2025-11-18 15:29:37.851+0000 INFO  [neo4j]: logged in
2025-11-18 15:29:37.868+0000 INFO  [neo4j]: logged in
2025-11-18 15:29:37.875+0000 INFO  [neo4j]: logged in
2025-11-18 15:29:37.894+0000 INFO  [neo4j]: logged in
2025-11-18 15:30:08.346+0000 INFO  [neo4j]: logged in
2025-11-18 15:30:08.362+0000 INFO  [neo4j]: logged in
2025-11-18 15:30:08.368+0000 INFO  [neo4j]: logged in
2025-11-18 15:30:08.392+0000 INFO  [neo4j]: logged in
2025-11-18 15:30:38.892+0000 INFO  [neo4j]: logged in
2025-11-18 15:30:38.907+0000 INFO  [neo4j]: logged in
2025-11-18 15:30:38.914+0000 INFO  [neo4j]: logged in
2025-11-18 15:30:38.928+0000 INFO  [neo4j]: logged in
2025-11-18 15:31:09.334+0000 INFO  [neo4j]: logged in
2025-11-18 15:31:09.349+0000 INFO  [neo4j]: logged in
2025-11-18 15:31:09.355+0000 INFO  [neo4j]: logged in
2025-11-18 15:31:09.372+0000 INFO  [neo4j]: logged in
2025-11-18 15:31:39.428+0000 INFO  [neo4j]: logged in
2025-11-18 15:31:39.444+0000 INFO  [neo4j]: logged in
2025-11-18 15:31:39.450+0000 INFO  [neo4j]: logged in
2025-11-18 15:31:39.466+0000 INFO  [neo4j]: logged in
2025-11-18 15:32:09.490+0000 INFO  [neo4j]: logged in
2025-11-18 15:32:09.507+0000 INFO  [neo4j]: logged in
2025-11-18 15:32:09.514+0000 INFO  [neo4j]: logged in
2025-11-18 15:32:09.529+0000 INFO  [neo4j]: logged in
2025-11-18 15:32:39.553+0000 INFO  [neo4j]: logged in
2025-11-18 15:32:39.569+0000 INFO  [neo4j]: logged in
2025-11-18 15:32:39.576+0000 INFO  [neo4j]: logged in
2025-11-18 15:32:39.592+0000 INFO  [neo4j]: logged in
2025-11-18 15:33:09.616+0000 INFO  [neo4j]: logged in
2025-11-18 15:33:09.632+0000 INFO  [neo4j]: logged in
2025-11-18 15:33:09.639+0000 INFO  [neo4j]: logged in
2025-11-18 15:33:09.655+0000 INFO  [neo4j]: logged in
2025-11-18 15:33:39.679+0000 INFO  [neo4j]: logged in
2025-11-18 15:33:39.695+0000 INFO  [neo4j]: logged in
2025-11-18 15:33:39.701+0000 INFO  [neo4j]: logged in
2025-11-18 15:33:39.716+0000 INFO  [neo4j]: logged in
2025-11-18 15:34:09.737+0000 INFO  [neo4j]: logged in
2025-11-18 15:34:09.752+0000 INFO  [neo4j]: logged in
2025-11-18 15:34:09.758+0000 INFO  [neo4j]: logged in
2025-11-18 15:34:09.775+0000 INFO  [neo4j]: logged in
2025-11-18 15:34:39.801+0000 INFO  [neo4j]: logged in
2025-11-18 15:34:39.818+0000 INFO  [neo4j]: logged in
2025-11-18 15:34:39.824+0000 INFO  [neo4j]: logged in
2025-11-18 15:34:39.850+0000 INFO  [neo4j]: logged in
2025-11-18 15:35:09.939+0000 INFO  [neo4j]: logged in
2025-11-18 15:35:09.956+0000 INFO  [neo4j]: logged in
2025-11-18 15:35:09.963+0000 INFO  [neo4j]: logged in
2025-11-18 15:35:09.977+0000 INFO  [neo4j]: logged in
2025-11-18 15:35:40.022+0000 INFO  [neo4j]: logged in
2025-11-18 15:35:40.039+0000 INFO  [neo4j]: logged in
2025-11-18 15:35:40.046+0000 INFO  [neo4j]: logged in
2025-11-18 15:35:40.063+0000 INFO  [neo4j]: logged in
2025-11-18 15:36:10.094+0000 INFO  [neo4j]: logged in
2025-11-18 15:36:10.110+0000 INFO  [neo4j]: logged in
2025-11-18 15:36:10.116+0000 INFO  [neo4j]: logged in
2025-11-18 15:36:10.131+0000 INFO  [neo4j]: logged in
2025-11-18 15:36:40.154+0000 INFO  [neo4j]: logged in
2025-11-18 15:36:40.170+0000 INFO  [neo4j]: logged in
2025-11-18 15:36:40.176+0000 INFO  [neo4j]: logged in
2025-11-18 15:36:40.190+0000 INFO  [neo4j]: logged in
2025-11-18 15:37:10.246+0000 INFO  [neo4j]: logged in
2025-11-18 15:37:10.261+0000 INFO  [neo4j]: logged in
2025-11-18 15:37:10.267+0000 INFO  [neo4j]: logged in
2025-11-18 15:37:10.283+0000 INFO  [neo4j]: logged in
2025-11-18 15:37:40.343+0000 INFO  [neo4j]: logged in
2025-11-18 15:37:40.364+0000 INFO  [neo4j]: logged in
2025-11-18 15:37:40.374+0000 INFO  [neo4j]: logged in
2025-11-18 15:37:40.391+0000 INFO  [neo4j]: logged in
2025-11-18 15:38:10.414+0000 INFO  [neo4j]: logged in
2025-11-18 15:38:10.429+0000 INFO  [neo4j]: logged in
2025-11-18 15:38:10.436+0000 INFO  [neo4j]: logged in
2025-11-18 15:38:10.450+0000 INFO  [neo4j]: logged in
2025-11-18 15:38:40.769+0000 INFO  [neo4j]: logged in
2025-11-18 15:38:40.784+0000 INFO  [neo4j]: logged in
2025-11-18 15:38:40.790+0000 INFO  [neo4j]: logged in
2025-11-18 15:38:40.805+0000 INFO  [neo4j]: logged in
2025-11-18 15:39:11.210+0000 INFO  [neo4j]: logged in
2025-11-18 15:39:11.224+0000 INFO  [neo4j]: logged in
2025-11-18 15:39:11.231+0000 INFO  [neo4j]: logged in
2025-11-18 15:39:11.245+0000 INFO  [neo4j]: logged in
2025-11-18 15:39:41.612+0000 INFO  [neo4j]: logged in
2025-11-18 15:39:41.627+0000 INFO  [neo4j]: logged in
2025-11-18 15:39:41.634+0000 INFO  [neo4j]: logged in
2025-11-18 15:39:41.649+0000 INFO  [neo4j]: logged in
2025-11-18 16:43:03.022+0000 INFO  [neo4j]: logged in within cluster
2025-11-18 16:43:03.022+0000 INFO  [neo4j]: logged in within cluster
2025-11-18 16:43:03.022+0000 INFO  [neo4j]: logged in within cluster
2025-11-18 16:43:03.022+0000 INFO  [neo4j]: logged in within cluster
2025-11-18 16:43:26.968+0000 INFO  [neo4j]: logged in
2025-11-18 16:43:27.101+0000 INFO  [neo4j]: logged in
2025-11-18 16:43:27.364+0000 INFO  [neo4j]: logged in
2025-11-18 16:43:27.420+0000 INFO  [neo4j]: logged in
2025-11-18 16:43:27.466+0000 INFO  [neo4j]: logged in
2025-11-18 16:43:27.566+0000 INFO  [neo4j]: logged in
2025-11-18 16:43:27.710+0000 INFO  [neo4j]: logged in
2025-11-18 16:43:27.714+0000 INFO  [neo4j]: logged in
2025-11-18 16:43:27.716+0000 INFO  [neo4j]: logged in
2025-11-18 16:43:27.717+0000 INFO  [neo4j]: logged in
2025-11-18 16:43:27.718+0000 INFO  [neo4j]: logged in
2025-11-18 16:43:27.718+0000 INFO  [neo4j]: logged in
2025-11-18 16:43:27.731+0000 INFO  [neo4j]: logged in
2025-11-18 16:43:27.743+0000 INFO  [neo4j]: logged in
2025-11-18 16:43:27.756+0000 INFO  [neo4j]: logged in
2025-11-18 16:43:27.756+0000 INFO  [neo4j]: logged in
2025-11-18 16:43:27.757+0000 INFO  [neo4j]: logged in
2025-11-18 16:43:27.763+0000 INFO  [neo4j]: logged in
2025-11-18 16:43:27.765+0000 INFO  [neo4j]: logged in
2025-11-18 16:43:27.767+0000 INFO  [neo4j]: logged in
2025-11-18 16:43:27.775+0000 INFO  [neo4j]: logged in
2025-11-18 16:43:27.796+0000 INFO  [neo4j]: logged in
2025-11-18 16:43:27.805+0000 INFO  [neo4j]: logged in
2025-11-18 16:43:27.830+0000 INFO  [neo4j]: logged in
2025-11-18 16:43:27.841+0000 INFO  [neo4j]: logged in
2025-11-18 16:43:27.853+0000 INFO  [neo4j]: logged in
2025-11-18 16:43:27.870+0000 INFO  [neo4j]: logged in
2025-11-18 16:43:28.112+0000 INFO  [neo4j]: logged in
2025-11-18 16:43:28.399+0000 INFO  [neo4j]: logged in
2025-11-18 16:43:28.417+0000 INFO  [neo4j]: logged in
2025-11-18 16:43:28.484+0000 INFO  [neo4j]: logged in
2025-11-18 16:43:28.518+0000 INFO  [neo4j]: logged in
2025-11-18 16:43:29.431+0000 INFO  [neo4j]: logged in
2025-11-18 16:43:29.447+0000 INFO  [neo4j]: logged in
2025-11-18 16:43:29.856+0000 INFO  [neo4j]: logged in
2025-11-18 16:43:29.856+0000 INFO  [neo4j]: logged in
2025-11-18 16:43:30.011+0000 INFO  [neo4j]: logged in
2025-11-18 16:43:30.011+0000 INFO  [neo4j]: logged in
2025-11-18 16:43:30.012+0000 INFO  [neo4j]: logged in
2025-11-18 16:43:30.014+0000 INFO  [neo4j]: logged in
2025-11-18 16:43:30.076+0000 INFO  [neo4j]: logged in
2025-11-18 16:43:30.088+0000 INFO  [neo4j]: logged in
2025-11-18 16:43:30.163+0000 INFO  [neo4j]: logged in
2025-11-18 16:43:30.163+0000 INFO  [neo4j]: logged in
2025-11-18 16:43:30.163+0000 INFO  [neo4j]: logged in
2025-11-18 16:43:30.163+0000 INFO  [neo4j]: logged in
2025-11-18 16:43:30.269+0000 INFO  [neo4j]: logged in
2025-11-18 16:43:30.270+0000 INFO  [neo4j]: logged in
2025-11-18 16:43:30.269+0000 INFO  [neo4j]: logged in
2025-11-18 16:43:30.272+0000 INFO  [neo4j]: logged in
2025-11-18 16:43:57.911+0000 INFO  [neo4j]: logged in
2025-11-18 16:43:57.986+0000 INFO  [neo4j]: logged in
2025-11-18 16:43:58.013+0000 INFO  [neo4j]: logged in
2025-11-18 16:43:58.110+0000 INFO  [neo4j]: logged in
2025-11-18 16:44:05.333+0000 INFO  [neo4j]: logged in within cluster
2025-11-18 16:44:05.339+0000 INFO  [neo4j]: logged in within cluster
2025-11-18 16:44:05.343+0000 INFO  [neo4j]: logged in within cluster
2025-11-18 16:44:05.346+0000 INFO  [neo4j]: logged in within cluster
2025-11-18 16:44:28.747+0000 INFO  [neo4j]: logged in
2025-11-18 16:44:28.818+0000 INFO  [neo4j]: logged in
2025-11-18 16:44:28.848+0000 INFO  [neo4j]: logged in
2025-11-18 16:44:28.944+0000 INFO  [neo4j]: logged in
2025-11-18 16:44:58.827+0000 INFO  [neo4j]: logged in
2025-11-18 16:44:58.884+0000 INFO  [neo4j]: logged in
2025-11-18 16:44:58.913+0000 INFO  [neo4j]: logged in
2025-11-18 16:44:59.012+0000 INFO  [neo4j]: logged in
2025-11-18 16:45:18.574+0000 INFO  [neo4j]: logged in within cluster
2025-11-18 16:45:19.141+0000 INFO  [neo4j]: logged in within cluster
2025-11-18 16:45:19.221+0000 INFO  [neo4j]: logged in within cluster
2025-11-18 16:45:20.115+0000 INFO  [neo4j]: logged in within cluster
2025-11-18 16:45:20.122+0000 INFO  [neo4j]: logged in within cluster
2025-11-18 16:45:20.123+0000 INFO  [neo4j]: logged in within cluster
2025-11-18 16:45:20.142+0000 INFO  [neo4j]: logged in within cluster
2025-11-18 16:45:29.924+0000 INFO  [neo4j]: logged in
2025-11-18 16:45:29.965+0000 INFO  [neo4j]: logged in
2025-11-18 16:45:29.982+0000 INFO  [neo4j]: logged in
2025-11-18 16:45:30.037+0000 INFO  [neo4j]: logged in
2025-11-18 16:45:37.177+0000 INFO  [neo4j]: logged in within cluster
2025-11-18 16:45:59.978+0000 INFO  [neo4j]: logged in
2025-11-18 16:46:00.029+0000 INFO  [neo4j]: logged in
2025-11-18 16:46:00.058+0000 INFO  [neo4j]: logged in
2025-11-18 16:46:00.138+0000 INFO  [neo4j]: logged in
2025-11-18 16:46:30.043+0000 INFO  [neo4j]: logged in
2025-11-18 16:46:30.096+0000 INFO  [neo4j]: logged in
2025-11-18 16:46:30.118+0000 INFO  [neo4j]: logged in
2025-11-18 16:46:30.186+0000 INFO  [neo4j]: logged in
2025-11-18 16:47:00.114+0000 INFO  [neo4j]: logged in
2025-11-18 16:47:00.164+0000 INFO  [neo4j]: logged in
2025-11-18 16:47:00.190+0000 INFO  [neo4j]: logged in
2025-11-18 16:47:00.264+0000 INFO  [neo4j]: logged in
2025-11-18 16:47:30.183+0000 INFO  [neo4j]: logged in
2025-11-18 16:47:30.231+0000 INFO  [neo4j]: logged in
2025-11-18 16:47:30.254+0000 INFO  [neo4j]: logged in
2025-11-18 16:47:30.321+0000 INFO  [neo4j]: logged in
2025-11-18 16:48:00.249+0000 INFO  [neo4j]: logged in
2025-11-18 16:48:00.288+0000 INFO  [neo4j]: logged in
2025-11-18 16:48:00.311+0000 INFO  [neo4j]: logged in
2025-11-18 16:48:00.391+0000 INFO  [neo4j]: logged in
2025-11-18 16:48:30.492+0000 INFO  [neo4j]: logged in
2025-11-18 16:48:30.577+0000 INFO  [neo4j]: logged in
2025-11-18 16:48:30.609+0000 INFO  [neo4j]: logged in
2025-11-18 16:48:30.674+0000 INFO  [neo4j]: logged in
2025-11-18 16:49:00.567+0000 INFO  [neo4j]: logged in
2025-11-18 16:49:00.644+0000 INFO  [neo4j]: logged in
2025-11-18 16:49:00.672+0000 INFO  [neo4j]: logged in
2025-11-18 16:49:00.742+0000 INFO  [neo4j]: logged in
2025-11-18 16:49:30.663+0000 INFO  [neo4j]: logged in
2025-11-18 16:49:30.720+0000 INFO  [neo4j]: logged in
2025-11-18 16:49:30.745+0000 INFO  [neo4j]: logged in
2025-11-18 16:49:30.798+0000 INFO  [neo4j]: logged in
2025-11-18 16:50:00.734+0000 INFO  [neo4j]: logged in
2025-11-18 16:50:00.792+0000 INFO  [neo4j]: logged in
2025-11-18 16:50:00.821+0000 INFO  [neo4j]: logged in
2025-11-18 16:50:00.891+0000 INFO  [neo4j]: logged in
2025-11-18 16:50:31.164+0000 INFO  [neo4j]: logged in
2025-11-18 16:50:31.200+0000 INFO  [neo4j]: logged in
2025-11-18 16:50:31.225+0000 INFO  [neo4j]: logged in
2025-11-18 16:50:31.272+0000 INFO  [neo4j]: logged in
2025-11-18 16:50:40.057+0000 INFO  [neo4j]: logged in within cluster
2025-11-18 16:51:01.223+0000 INFO  [neo4j]: logged in
2025-11-18 16:51:01.301+0000 INFO  [neo4j]: logged in
2025-11-18 16:51:01.326+0000 INFO  [neo4j]: logged in
2025-11-18 16:51:02.001+0000 INFO  [neo4j]: logged in
2025-11-18 16:51:12.290+0000 INFO  [neo4j]: logged in within cluster
2025-11-18 16:51:12.291+0000 INFO  [neo4j]: logged in within cluster
2025-11-18 16:51:12.291+0000 INFO  [neo4j]: logged in within cluster
2025-11-18 16:51:31.317+0000 INFO  [neo4j]: logged in
2025-11-18 16:51:31.356+0000 INFO  [neo4j]: logged in
2025-11-18 16:51:31.376+0000 INFO  [neo4j]: logged in
2025-11-18 16:51:32.080+0000 INFO  [neo4j]: logged in
2025-11-18 16:52:01.367+0000 INFO  [neo4j]: logged in
2025-11-18 16:52:01.405+0000 INFO  [neo4j]: logged in
2025-11-18 16:52:01.424+0000 INFO  [neo4j]: logged in
2025-11-18 16:52:01.517+0000 INFO  [neo4j]: logged in
2025-11-18 16:52:31.427+0000 INFO  [neo4j]: logged in
2025-11-18 16:52:31.531+0000 INFO  [neo4j]: logged in
2025-11-18 16:52:31.559+0000 INFO  [neo4j]: logged in
2025-11-18 16:52:31.611+0000 INFO  [neo4j]: logged in
2025-11-18 16:52:47.450+0000 INFO  [neo4j]: logged in within cluster
2025-11-18 16:52:47.450+0000 INFO  [neo4j]: logged in within cluster
2025-11-18 16:52:47.451+0000 INFO  [neo4j]: logged in within cluster
2025-11-18 16:52:47.453+0000 INFO  [neo4j]: logged in within cluster
2025-11-18 16:53:01.509+0000 INFO  [neo4j]: logged in
2025-11-18 16:53:01.558+0000 INFO  [neo4j]: logged in
2025-11-18 16:53:01.582+0000 INFO  [neo4j]: logged in
2025-11-18 16:53:01.628+0000 INFO  [neo4j]: logged in
2025-11-18 16:53:31.619+0000 INFO  [neo4j]: logged in
2025-11-18 16:53:31.662+0000 INFO  [neo4j]: logged in
2025-11-18 16:53:31.694+0000 INFO  [neo4j]: logged in
2025-11-18 16:53:31.736+0000 INFO  [neo4j]: logged in
2025-11-18 16:53:53.830+0000 INFO  [neo4j]: logged in within cluster
2025-11-18 16:54:01.691+0000 INFO  [neo4j]: logged in
2025-11-18 16:54:01.742+0000 INFO  [neo4j]: logged in
2025-11-18 16:54:01.763+0000 INFO  [neo4j]: logged in
2025-11-18 16:54:01.813+0000 INFO  [neo4j]: logged in
2025-11-18 16:54:31.757+0000 INFO  [neo4j]: logged in
2025-11-18 16:54:31.796+0000 INFO  [neo4j]: logged in
2025-11-18 16:54:31.818+0000 INFO  [neo4j]: logged in
2025-11-18 16:54:31.868+0000 INFO  [neo4j]: logged in
2025-11-18 16:55:01.824+0000 INFO  [neo4j]: logged in
2025-11-18 16:55:01.881+0000 INFO  [neo4j]: logged in
2025-11-18 16:55:01.905+0000 INFO  [neo4j]: logged in
2025-11-18 16:55:01.957+0000 INFO  [neo4j]: logged in
2025-11-18 16:55:13.445+0000 INFO  [neo4j]: logged in within cluster
2025-11-18 16:55:13.446+0000 INFO  [neo4j]: logged in within cluster
2025-11-18 16:55:13.447+0000 INFO  [neo4j]: logged in within cluster
2025-11-18 16:55:13.449+0000 INFO  [neo4j]: logged in within cluster
2025-11-18 16:55:32.348+0000 INFO  [neo4j]: logged in
2025-11-18 16:55:32.454+0000 INFO  [neo4j]: logged in
2025-11-18 16:55:32.475+0000 INFO  [neo4j]: logged in
2025-11-18 16:55:32.523+0000 INFO  [neo4j]: logged in
2025-11-18 16:56:02.474+0000 INFO  [neo4j]: logged in
2025-11-18 16:56:02.510+0000 INFO  [neo4j]: logged in
2025-11-18 16:56:02.527+0000 INFO  [neo4j]: logged in
2025-11-18 16:56:02.567+0000 INFO  [neo4j]: logged in
2025-11-18 16:56:32.545+0000 INFO  [neo4j]: logged in
2025-11-18 16:56:32.596+0000 INFO  [neo4j]: logged in
2025-11-18 16:56:32.618+0000 INFO  [neo4j]: logged in
2025-11-18 16:56:32.671+0000 INFO  [neo4j]: logged in
2025-11-18 16:56:43.176+0000 INFO  [neo4j]: logged in
2025-11-18 16:56:43.178+0000 INFO  [neo4j]: logged in
2025-11-18 16:56:43.178+0000 INFO  [neo4j]: logged in
2025-11-18 16:56:43.178+0000 INFO  [neo4j]: logged in
2025-11-18 16:56:43.216+0000 INFO  [neo4j]: logged in
2025-11-18 16:56:43.216+0000 INFO  [neo4j]: logged in
2025-11-18 16:56:43.217+0000 INFO  [neo4j]: logged in
2025-11-18 16:56:43.218+0000 INFO  [neo4j]: logged in
2025-11-18 16:56:43.258+0000 INFO  [neo4j]: logged in
2025-11-18 16:56:43.259+0000 INFO  [neo4j]: logged in
2025-11-18 16:56:43.267+0000 INFO  [neo4j]: logged in
2025-11-18 16:56:43.268+0000 INFO  [neo4j]: logged in
2025-11-18 16:56:46.549+0000 INFO  [neo4j]: logged in
2025-11-18 16:56:46.551+0000 INFO  [neo4j]: logged in
2025-11-18 16:56:46.553+0000 INFO  [neo4j]: logged in
2025-11-18 16:56:46.554+0000 INFO  [neo4j]: logged in
2025-11-18 16:56:48.450+0000 INFO  [neo4j]: logged in
2025-11-18 16:56:48.450+0000 INFO  [neo4j]: logged in
2025-11-18 16:56:48.451+0000 INFO  [neo4j]: logged in
2025-11-18 16:56:48.452+0000 INFO  [neo4j]: logged in
2025-11-18 16:56:48.484+0000 INFO  [neo4j]: logged in
2025-11-18 16:56:48.490+0000 INFO  [neo4j]: logged in
2025-11-18 16:56:48.496+0000 INFO  [neo4j]: logged in
2025-11-18 16:56:48.505+0000 INFO  [neo4j]: logged in
2025-11-18 16:56:48.528+0000 INFO  [neo4j]: logged in
2025-11-18 16:56:48.537+0000 INFO  [neo4j]: logged in
2025-11-18 16:56:48.546+0000 INFO  [neo4j]: logged in
2025-11-18 16:56:48.558+0000 INFO  [neo4j]: logged in
2025-11-18 16:56:50.647+0000 INFO  [neo4j]: logged in
2025-11-18 16:56:50.647+0000 INFO  [neo4j]: logged in
2025-11-18 16:56:50.647+0000 INFO  [neo4j]: logged in
2025-11-18 16:56:50.648+0000 INFO  [neo4j]: logged in
2025-11-18 16:56:59.298+0000 INFO  [neo4j]: logged in
2025-11-18 16:57:02.720+0000 INFO  [neo4j]: logged in
2025-11-18 16:57:02.767+0000 INFO  [neo4j]: logged in
2025-11-18 16:57:02.789+0000 INFO  [neo4j]: logged in
2025-11-18 16:57:02.851+0000 INFO  [neo4j]: logged in
2025-11-18 16:57:04.770+0000 INFO  [neo4j]: logged in
2025-11-18 16:57:04.774+0000 INFO  [neo4j]: logged in
2025-11-18 16:57:04.775+0000 INFO  [neo4j]: logged in
2025-11-18 16:57:04.778+0000 INFO  [neo4j]: logged in
2025-11-18 16:57:04.802+0000 INFO  [neo4j]: logged in
2025-11-18 16:57:04.809+0000 INFO  [neo4j]: logged in
2025-11-18 16:57:04.809+0000 INFO  [neo4j]: logged in
2025-11-18 16:57:04.810+0000 INFO  [neo4j]: logged in
2025-11-18 16:57:04.838+0000 INFO  [neo4j]: logged in
2025-11-18 16:57:04.857+0000 INFO  [neo4j]: logged in
2025-11-18 16:57:04.857+0000 INFO  [neo4j]: logged in
2025-11-18 16:57:04.865+0000 INFO  [neo4j]: logged in
2025-11-18 16:57:09.095+0000 INFO  [neo4j]: logged in
2025-11-18 16:57:09.114+0000 INFO  [neo4j]: logged in
2025-11-18 16:57:09.373+0000 INFO  [neo4j]: logged in
2025-11-18 16:57:32.827+0000 INFO  [neo4j]: logged in
2025-11-18 16:57:32.889+0000 INFO  [neo4j]: logged in
2025-11-18 16:57:32.907+0000 INFO  [neo4j]: logged in
2025-11-18 16:57:32.955+0000 INFO  [neo4j]: logged in
2025-11-18 16:57:53.764+0000 INFO  [neo4j]: logged in
2025-11-18 16:57:53.785+0000 INFO  [neo4j]: logged in
2025-11-18 16:57:53.860+0000 INFO  [neo4j]: logged in
2025-11-18 16:58:03.241+0000 INFO  [neo4j]: logged in within cluster
2025-11-18 16:58:03.981+0000 INFO  [neo4j]: logged in
2025-11-18 16:58:04.039+0000 INFO  [neo4j]: logged in
2025-11-18 16:58:04.060+0000 INFO  [neo4j]: logged in
2025-11-18 16:58:04.126+0000 INFO  [neo4j]: logged in
2025-11-18 16:58:34.130+0000 INFO  [neo4j]: logged in
2025-11-18 16:58:34.170+0000 INFO  [neo4j]: logged in
2025-11-18 16:58:34.187+0000 INFO  [neo4j]: logged in
2025-11-18 16:58:34.365+0000 INFO  [neo4j]: logged in
2025-11-18 16:58:54.256+0000 INFO  [neo4j]: logged in
2025-11-18 16:58:54.279+0000 INFO  [neo4j]: logged in
2025-11-18 16:58:54.342+0000 INFO  [neo4j]: logged in
2025-11-18 16:59:05.107+0000 INFO  [neo4j]: logged in
2025-11-18 16:59:05.170+0000 INFO  [neo4j]: logged in
2025-11-18 16:59:05.186+0000 INFO  [neo4j]: logged in
2025-11-18 16:59:05.223+0000 INFO  [neo4j]: logged in
2025-11-18 16:59:09.205+0000 INFO  [neo4j]: logged in within cluster
2025-11-18 16:59:35.409+0000 INFO  [neo4j]: logged in
2025-11-18 16:59:35.462+0000 INFO  [neo4j]: logged in
2025-11-18 16:59:35.486+0000 INFO  [neo4j]: logged in
2025-11-18 16:59:35.551+0000 INFO  [neo4j]: logged in
2025-11-18 17:00:05.733+0000 INFO  [neo4j]: logged in
2025-11-18 17:00:05.776+0000 INFO  [neo4j]: logged in
2025-11-18 17:00:05.805+0000 INFO  [neo4j]: logged in
2025-11-18 17:00:05.867+0000 INFO  [neo4j]: logged in
2025-11-18 17:00:18.597+0000 INFO  [neo4j]: logged in
2025-11-18 17:00:18.625+0000 INFO  [neo4j]: logged in
2025-11-18 17:00:18.764+0000 INFO  [neo4j]: logged in
2025-11-18 17:00:35.941+0000 INFO  [neo4j]: logged in
2025-11-18 17:00:35.977+0000 INFO  [neo4j]: logged in
2025-11-18 17:00:35.995+0000 INFO  [neo4j]: logged in
2025-11-18 17:00:36.040+0000 INFO  [neo4j]: logged in
2025-11-18 17:00:37.991+0000 INFO  [neo4j]: logged in within cluster
2025-11-18 17:00:37.992+0000 INFO  [neo4j]: logged in within cluster
2025-11-18 17:00:53.590+0000 INFO  [neo4j]: logged in
2025-11-18 17:00:53.592+0000 INFO  [neo4j]: logged in
2025-11-18 17:00:53.592+0000 INFO  [neo4j]: logged in
2025-11-18 17:00:53.592+0000 INFO  [neo4j]: logged in
2025-11-18 17:00:53.632+0000 INFO  [neo4j]: logged in
2025-11-18 17:00:53.633+0000 INFO  [neo4j]: logged in
2025-11-18 17:00:53.645+0000 INFO  [neo4j]: logged in
2025-11-18 17:00:53.647+0000 INFO  [neo4j]: logged in
2025-11-18 17:00:53.676+0000 INFO  [neo4j]: logged in
2025-11-18 17:00:53.685+0000 INFO  [neo4j]: logged in
2025-11-18 17:00:53.720+0000 INFO  [neo4j]: logged in
2025-11-18 17:00:53.790+0000 INFO  [neo4j]: logged in
2025-11-18 17:00:55.962+0000 INFO  [neo4j]: logged in
2025-11-18 17:00:56.030+0000 INFO  [neo4j]: logged in
2025-11-18 17:00:56.270+0000 INFO  [neo4j]: logged in
2025-11-18 17:01:06.073+0000 INFO  [neo4j]: logged in
2025-11-18 17:01:06.118+0000 INFO  [neo4j]: logged in
2025-11-18 17:01:06.141+0000 INFO  [neo4j]: logged in
2025-11-18 17:01:06.196+0000 INFO  [neo4j]: logged in
2025-11-18 17:01:36.211+0000 INFO  [neo4j]: logged in
2025-11-18 17:01:36.242+0000 INFO  [neo4j]: logged in
2025-11-18 17:01:36.258+0000 INFO  [neo4j]: logged in
2025-11-18 17:01:36.294+0000 INFO  [neo4j]: logged in
2025-11-18 17:02:07.407+0000 INFO  [neo4j]: logged in
2025-11-18 17:02:07.448+0000 INFO  [neo4j]: logged in
2025-11-18 17:02:07.467+0000 INFO  [neo4j]: logged in
2025-11-18 17:02:07.508+0000 INFO  [neo4j]: logged in
2025-11-18 17:02:37.536+0000 INFO  [neo4j]: logged in
2025-11-18 17:02:37.576+0000 INFO  [neo4j]: logged in
2025-11-18 17:02:37.635+0000 INFO  [neo4j]: logged in
2025-11-18 17:02:37.693+0000 INFO  [neo4j]: logged in
2025-11-18 17:02:40.213+0000 INFO  [neo4j]: logged in
2025-11-18 17:02:40.216+0000 INFO  [neo4j]: logged in
2025-11-18 17:02:40.220+0000 INFO  [neo4j]: logged in
2025-11-18 17:02:40.220+0000 INFO  [neo4j]: logged in
2025-11-18 17:02:40.268+0000 INFO  [neo4j]: logged in
2025-11-18 17:02:40.269+0000 INFO  [neo4j]: logged in
2025-11-18 17:02:40.269+0000 INFO  [neo4j]: logged in
2025-11-18 17:02:40.293+0000 INFO  [neo4j]: logged in
2025-11-18 17:02:40.376+0000 INFO  [neo4j]: logged in
2025-11-18 17:02:40.433+0000 INFO  [neo4j]: logged in
2025-11-18 17:02:40.433+0000 INFO  [neo4j]: logged in
2025-11-18 17:02:40.433+0000 INFO  [neo4j]: logged in
2025-11-18 17:02:42.134+0000 INFO  [neo4j]: logged in
2025-11-18 17:02:42.185+0000 INFO  [neo4j]: logged in
2025-11-18 17:02:42.393+0000 INFO  [neo4j]: logged in
2025-11-18 17:03:07.736+0000 INFO  [neo4j]: logged in
2025-11-18 17:03:07.777+0000 INFO  [neo4j]: logged in
2025-11-18 17:03:07.796+0000 INFO  [neo4j]: logged in
2025-11-18 17:03:07.841+0000 INFO  [neo4j]: logged in
2025-11-18 17:03:37.826+0000 INFO  [neo4j]: logged in
2025-11-18 17:03:37.890+0000 INFO  [neo4j]: logged in
2025-11-18 17:03:37.910+0000 INFO  [neo4j]: logged in
2025-11-18 17:03:37.960+0000 INFO  [neo4j]: logged in
2025-11-18 17:04:08.098+0000 INFO  [neo4j]: logged in
2025-11-18 17:04:08.149+0000 INFO  [neo4j]: logged in
2025-11-18 17:04:08.177+0000 INFO  [neo4j]: logged in
2025-11-18 17:04:08.233+0000 INFO  [neo4j]: logged in
2025-11-18 17:04:39.111+0000 INFO  [neo4j]: logged in
2025-11-18 17:04:39.153+0000 INFO  [neo4j]: logged in
2025-11-18 17:04:39.172+0000 INFO  [neo4j]: logged in
2025-11-18 17:04:39.204+0000 INFO  [neo4j]: logged in
2025-11-18 17:05:10.170+0000 INFO  [neo4j]: logged in
2025-11-18 17:05:10.206+0000 INFO  [neo4j]: logged in
2025-11-18 17:05:10.226+0000 INFO  [neo4j]: logged in
2025-11-18 17:05:10.268+0000 INFO  [neo4j]: logged in
2025-11-18 17:05:32.649+0000 INFO  [neo4j]: logged in within cluster
2025-11-18 17:05:40.378+0000 INFO  [neo4j]: logged in
2025-11-18 17:05:40.426+0000 INFO  [neo4j]: logged in
2025-11-18 17:05:40.452+0000 INFO  [neo4j]: logged in
2025-11-18 17:05:40.509+0000 INFO  [neo4j]: logged in
2025-11-18 17:06:10.456+0000 INFO  [neo4j]: logged in
2025-11-18 17:06:10.496+0000 INFO  [neo4j]: logged in
2025-11-18 17:06:10.523+0000 INFO  [neo4j]: logged in
2025-11-18 17:06:10.568+0000 INFO  [neo4j]: logged in
2025-11-18 17:06:40.513+0000 INFO  [neo4j]: logged in
2025-11-18 17:06:40.542+0000 INFO  [neo4j]: logged in
2025-11-18 17:06:40.557+0000 INFO  [neo4j]: logged in
2025-11-18 17:06:40.591+0000 INFO  [neo4j]: logged in
2025-11-18 17:06:59.260+0000 INFO  [neo4j]: logged in
2025-11-18 17:06:59.357+0000 INFO  [neo4j]: logged in
2025-11-18 17:06:59.856+0000 INFO  [neo4j]: logged in
2025-11-18 17:07:06.574+0000 INFO  [neo4j]: logged in
2025-11-18 17:07:06.643+0000 INFO  [neo4j]: logged in
2025-11-18 17:07:06.878+0000 INFO  [neo4j]: logged in
2025-11-18 17:07:10.552+0000 INFO  [neo4j]: logged in
2025-11-18 17:07:30.497+0000 INFO  [neo4j]: logged in
2025-11-18 17:07:30.550+0000 INFO  [neo4j]: logged in
2025-11-18 17:07:30.590+0000 INFO  [neo4j]: logged in
2025-11-18 17:07:30.608+0000 INFO  [neo4j]: logged in
2025-11-18 17:07:30.647+0000 INFO  [neo4j]: logged in
2025-11-18 17:07:30.744+0000 INFO  [neo4j]: logged in
2025-11-18 17:07:30.744+0000 INFO  [neo4j]: logged in
2025-11-18 17:07:30.745+0000 INFO  [neo4j]: logged in
2025-11-18 17:07:30.745+0000 INFO  [neo4j]: logged in
2025-11-18 17:07:30.746+0000 INFO  [neo4j]: logged in
2025-11-18 17:07:30.747+0000 INFO  [neo4j]: logged in
2025-11-18 17:07:30.757+0000 INFO  [neo4j]: logged in
2025-11-18 17:07:30.759+0000 INFO  [neo4j]: logged in
2025-11-18 17:07:30.803+0000 INFO  [neo4j]: logged in
2025-11-18 17:07:30.803+0000 INFO  [neo4j]: logged in
2025-11-18 17:07:30.804+0000 INFO  [neo4j]: logged in
2025-11-18 17:07:30.804+0000 INFO  [neo4j]: logged in
2025-11-18 17:07:30.806+0000 INFO  [neo4j]: logged in
2025-11-18 17:07:30.806+0000 INFO  [neo4j]: logged in
2025-11-18 17:07:30.827+0000 INFO  [neo4j]: logged in
2025-11-18 17:07:30.856+0000 INFO  [neo4j]: logged in
2025-11-18 17:07:30.877+0000 INFO  [neo4j]: logged in
2025-11-18 17:07:30.920+0000 INFO  [neo4j]: logged in
2025-11-18 17:07:30.926+0000 INFO  [neo4j]: logged in
2025-11-18 17:07:30.944+0000 INFO  [neo4j]: logged in
2025-11-18 17:07:31.072+0000 INFO  [neo4j]: logged in
2025-11-18 17:07:31.087+0000 INFO  [neo4j]: logged in
2025-11-18 17:07:31.105+0000 INFO  [neo4j]: logged in
2025-11-18 17:07:31.120+0000 INFO  [neo4j]: logged in
2025-11-18 17:07:31.145+0000 INFO  [neo4j]: logged in
2025-11-18 17:07:49.827+0000 INFO  [neo4j]: logged in
2025-11-18 17:07:49.869+0000 INFO  [neo4j]: logged in
2025-11-18 17:07:49.903+0000 INFO  [neo4j]: logged in
2025-11-18 17:07:49.923+0000 INFO  [neo4j]: logged in
2025-11-18 17:07:49.954+0000 INFO  [neo4j]: logged in
2025-11-18 17:07:50.062+0000 INFO  [neo4j]: logged in
2025-11-18 17:07:50.062+0000 INFO  [neo4j]: logged in
2025-11-18 17:07:50.063+0000 INFO  [neo4j]: logged in
2025-11-18 17:07:50.063+0000 INFO  [neo4j]: logged in
2025-11-18 17:07:50.064+0000 INFO  [neo4j]: logged in
2025-11-18 17:07:50.065+0000 INFO  [neo4j]: logged in
2025-11-18 17:07:50.075+0000 INFO  [neo4j]: logged in
2025-11-18 17:07:50.090+0000 INFO  [neo4j]: logged in
2025-11-18 17:07:50.106+0000 INFO  [neo4j]: logged in
2025-11-18 17:07:50.107+0000 INFO  [neo4j]: logged in
2025-11-18 17:07:50.108+0000 INFO  [neo4j]: logged in
2025-11-18 17:07:50.108+0000 INFO  [neo4j]: logged in
2025-11-18 17:07:50.109+0000 INFO  [neo4j]: logged in
2025-11-18 17:07:50.123+0000 INFO  [neo4j]: logged in
2025-11-18 17:07:50.130+0000 INFO  [neo4j]: logged in
2025-11-18 17:07:50.164+0000 INFO  [neo4j]: logged in
2025-11-18 17:07:50.171+0000 INFO  [neo4j]: logged in
2025-11-18 17:07:50.199+0000 INFO  [neo4j]: logged in
2025-11-18 17:07:50.209+0000 INFO  [neo4j]: logged in
2025-11-18 17:07:50.224+0000 INFO  [neo4j]: logged in
2025-11-18 17:07:50.357+0000 INFO  [neo4j]: logged in
2025-11-18 17:07:50.383+0000 INFO  [neo4j]: logged in
2025-11-18 17:07:50.397+0000 INFO  [neo4j]: logged in
2025-11-18 17:07:50.459+0000 INFO  [neo4j]: logged in
2025-11-18 17:07:50.478+0000 INFO  [neo4j]: logged in
2025-11-18 17:07:57.399+0000 INFO  [neo4j]: logged in
2025-11-18 17:07:57.544+0000 INFO  [neo4j]: logged in
2025-11-18 17:07:57.575+0000 INFO  [neo4j]: logged in
2025-11-18 17:07:57.590+0000 INFO  [neo4j]: logged in
2025-11-18 17:07:57.627+0000 INFO  [neo4j]: logged in
2025-11-18 17:07:57.709+0000 INFO  [neo4j]: logged in
2025-11-18 17:07:57.709+0000 INFO  [neo4j]: logged in
2025-11-18 17:07:57.710+0000 INFO  [neo4j]: logged in
2025-11-18 17:07:57.710+0000 INFO  [neo4j]: logged in
2025-11-18 17:07:57.712+0000 INFO  [neo4j]: logged in
2025-11-18 17:07:57.712+0000 INFO  [neo4j]: logged in
2025-11-18 17:07:57.721+0000 INFO  [neo4j]: logged in
2025-11-18 17:07:57.736+0000 INFO  [neo4j]: logged in
2025-11-18 17:07:57.753+0000 INFO  [neo4j]: logged in
2025-11-18 17:07:57.755+0000 INFO  [neo4j]: logged in
2025-11-18 17:07:57.756+0000 INFO  [neo4j]: logged in
2025-11-18 17:07:57.757+0000 INFO  [neo4j]: logged in
2025-11-18 17:07:57.758+0000 INFO  [neo4j]: logged in
2025-11-18 17:07:57.767+0000 INFO  [neo4j]: logged in
2025-11-18 17:07:57.779+0000 INFO  [neo4j]: logged in
2025-11-18 17:07:57.813+0000 INFO  [neo4j]: logged in
2025-11-18 17:07:57.843+0000 INFO  [neo4j]: logged in
2025-11-18 17:07:57.877+0000 INFO  [neo4j]: logged in
2025-11-18 17:07:57.923+0000 INFO  [neo4j]: logged in
2025-11-18 17:07:57.925+0000 INFO  [neo4j]: logged in
2025-11-18 17:07:57.983+0000 INFO  [neo4j]: logged in
2025-11-18 17:07:58.041+0000 INFO  [neo4j]: logged in
2025-11-18 17:07:58.060+0000 INFO  [neo4j]: logged in
2025-11-18 17:07:58.104+0000 INFO  [neo4j]: logged in
2025-11-18 17:07:58.105+0000 INFO  [neo4j]: logged in
2025-11-18 17:08:13.400+0000 ERROR [neo4j]: failed to log in: invalid principal or credentials
2025-11-18 17:08:19.054+0000 INFO  [neo4j]: logged in
2025-11-18 17:08:19.097+0000 INFO  [neo4j]: logged in
2025-11-18 17:08:19.155+0000 INFO  [neo4j]: logged in
2025-11-18 17:08:19.193+0000 INFO  [neo4j]: logged in
2025-11-18 17:08:19.232+0000 INFO  [neo4j]: logged in
2025-11-18 17:08:19.453+0000 INFO  [neo4j]: logged in
2025-11-18 17:08:19.455+0000 INFO  [neo4j]: logged in
2025-11-18 17:08:19.456+0000 INFO  [neo4j]: logged in
2025-11-18 17:08:19.456+0000 INFO  [neo4j]: logged in
2025-11-18 17:08:19.458+0000 INFO  [neo4j]: logged in
2025-11-18 17:08:19.458+0000 INFO  [neo4j]: logged in
2025-11-18 17:08:19.466+0000 INFO  [neo4j]: logged in
2025-11-18 17:08:19.502+0000 INFO  [neo4j]: logged in
2025-11-18 17:08:19.511+0000 INFO  [neo4j]: logged in
2025-11-18 17:08:19.512+0000 INFO  [neo4j]: logged in
2025-11-18 17:08:19.518+0000 INFO  [neo4j]: logged in
2025-11-18 17:08:19.526+0000 INFO  [neo4j]: logged in
2025-11-18 17:08:19.541+0000 INFO  [neo4j]: logged in
2025-11-18 17:08:19.541+0000 INFO  [neo4j]: logged in
2025-11-18 17:08:19.556+0000 INFO  [neo4j]: logged in
2025-11-18 17:08:19.588+0000 INFO  [neo4j]: logged in
2025-11-18 17:08:19.602+0000 INFO  [neo4j]: logged in
2025-11-18 17:08:19.634+0000 INFO  [neo4j]: logged in
2025-11-18 17:08:19.671+0000 INFO  [neo4j]: logged in
2025-11-18 17:08:19.676+0000 INFO  [neo4j]: logged in
2025-11-18 17:08:19.710+0000 INFO  [neo4j]: logged in
2025-11-18 17:08:19.805+0000 INFO  [neo4j]: logged in
2025-11-18 17:08:19.819+0000 INFO  [neo4j]: logged in
2025-11-18 17:08:19.844+0000 INFO  [neo4j]: logged in
2025-11-18 17:08:19.872+0000 INFO  [neo4j]: logged in
2025-11-18 17:08:40.656+0000 INFO  [neo4j]: logged in
2025-11-18 17:08:40.702+0000 INFO  [neo4j]: logged in
2025-11-18 17:08:40.748+0000 INFO  [neo4j]: logged in
2025-11-18 17:08:40.773+0000 INFO  [neo4j]: logged in
2025-11-18 17:08:40.820+0000 INFO  [neo4j]: logged in
2025-11-18 17:08:40.951+0000 INFO  [neo4j]: logged in
2025-11-18 17:08:40.952+0000 INFO  [neo4j]: logged in
2025-11-18 17:08:40.953+0000 INFO  [neo4j]: logged in
2025-11-18 17:08:40.954+0000 INFO  [neo4j]: logged in
2025-11-18 17:08:40.954+0000 INFO  [neo4j]: logged in
2025-11-18 17:08:40.955+0000 INFO  [neo4j]: logged in
2025-11-18 17:08:40.964+0000 INFO  [neo4j]: logged in
2025-11-18 17:08:40.983+0000 INFO  [neo4j]: logged in
2025-11-18 17:08:41.018+0000 INFO  [neo4j]: logged in
2025-11-18 17:08:41.037+0000 INFO  [neo4j]: logged in
2025-11-18 17:08:41.038+0000 INFO  [neo4j]: logged in
2025-11-18 17:08:41.040+0000 INFO  [neo4j]: logged in
2025-11-18 17:08:41.042+0000 INFO  [neo4j]: logged in
2025-11-18 17:08:41.045+0000 INFO  [neo4j]: logged in
2025-11-18 17:08:41.083+0000 INFO  [neo4j]: logged in
2025-11-18 17:08:41.116+0000 INFO  [neo4j]: logged in
2025-11-18 17:08:41.120+0000 INFO  [neo4j]: logged in
2025-11-18 17:08:41.203+0000 INFO  [neo4j]: logged in
2025-11-18 17:08:41.205+0000 INFO  [neo4j]: logged in
2025-11-18 17:08:41.208+0000 INFO  [neo4j]: logged in
2025-11-18 17:08:41.209+0000 INFO  [neo4j]: logged in
2025-11-18 17:08:41.328+0000 INFO  [neo4j]: logged in
2025-11-18 17:08:41.401+0000 INFO  [neo4j]: logged in
2025-11-18 17:08:41.409+0000 INFO  [neo4j]: logged in
2025-11-18 17:08:41.429+0000 INFO  [neo4j]: logged in
2025-11-18 17:08:45.100+0000 INFO  [neo4j]: logged in
2025-11-18 17:08:45.190+0000 INFO  [neo4j]: logged in
2025-11-18 17:08:45.360+0000 INFO  [neo4j]: logged in
2025-11-18 17:08:45.410+0000 INFO  [neo4j]: logged in
2025-11-18 17:08:45.698+0000 INFO  [neo4j]: logged in
2025-11-18 17:08:45.838+0000 INFO  [neo4j]: logged in
2025-11-18 17:08:45.839+0000 INFO  [neo4j]: logged in
2025-11-18 17:08:45.839+0000 INFO  [neo4j]: logged in
2025-11-18 17:08:45.840+0000 INFO  [neo4j]: logged in
2025-11-18 17:08:45.838+0000 INFO  [neo4j]: logged in
2025-11-18 17:08:45.841+0000 INFO  [neo4j]: logged in
2025-11-18 17:08:45.853+0000 INFO  [neo4j]: logged in
2025-11-18 17:08:45.861+0000 INFO  [neo4j]: logged in
2025-11-18 17:08:45.883+0000 INFO  [neo4j]: logged in
2025-11-18 17:08:45.883+0000 INFO  [neo4j]: logged in
2025-11-18 17:08:45.902+0000 INFO  [neo4j]: logged in
2025-11-18 17:08:45.902+0000 INFO  [neo4j]: logged in
2025-11-18 17:08:45.903+0000 INFO  [neo4j]: logged in
2025-11-18 17:08:45.912+0000 INFO  [neo4j]: logged in
2025-11-18 17:08:45.915+0000 INFO  [neo4j]: logged in
2025-11-18 17:08:45.972+0000 INFO  [neo4j]: logged in
2025-11-18 17:08:45.989+0000 INFO  [neo4j]: logged in
2025-11-18 17:08:46.018+0000 INFO  [neo4j]: logged in
2025-11-18 17:08:46.085+0000 INFO  [neo4j]: logged in
2025-11-18 17:08:46.222+0000 INFO  [neo4j]: logged in
2025-11-18 17:08:46.225+0000 INFO  [neo4j]: logged in
2025-11-18 17:08:46.263+0000 INFO  [neo4j]: logged in
2025-11-18 17:08:46.287+0000 INFO  [neo4j]: logged in
2025-11-18 17:08:46.303+0000 INFO  [neo4j]: logged in
2025-11-18 17:08:46.318+0000 INFO  [neo4j]: logged in
2025-11-18 17:08:52.413+0000 INFO  [neo4j]: logged in
2025-11-18 17:08:52.467+0000 INFO  [neo4j]: logged in
2025-11-18 17:08:52.512+0000 INFO  [neo4j]: logged in
2025-11-18 17:08:52.542+0000 INFO  [neo4j]: logged in
2025-11-18 17:08:52.589+0000 INFO  [neo4j]: logged in
2025-11-18 17:08:52.727+0000 INFO  [neo4j]: logged in
2025-11-18 17:08:52.727+0000 INFO  [neo4j]: logged in
2025-11-18 17:08:52.727+0000 INFO  [neo4j]: logged in
2025-11-18 17:08:52.728+0000 INFO  [neo4j]: logged in
2025-11-18 17:08:52.732+0000 INFO  [neo4j]: logged in
2025-11-18 17:08:52.733+0000 INFO  [neo4j]: logged in
2025-11-18 17:08:52.738+0000 INFO  [neo4j]: logged in
2025-11-18 17:08:52.814+0000 INFO  [neo4j]: logged in
2025-11-18 17:08:52.837+0000 INFO  [neo4j]: logged in
2025-11-18 17:08:52.858+0000 INFO  [neo4j]: logged in
2025-11-18 17:08:52.861+0000 INFO  [neo4j]: logged in
2025-11-18 17:08:52.861+0000 INFO  [neo4j]: logged in
2025-11-18 17:08:52.862+0000 INFO  [neo4j]: logged in
2025-11-18 17:08:52.882+0000 INFO  [neo4j]: logged in
2025-11-18 17:08:52.902+0000 INFO  [neo4j]: logged in
2025-11-18 17:08:52.926+0000 INFO  [neo4j]: logged in
2025-11-18 17:08:52.946+0000 INFO  [neo4j]: logged in
2025-11-18 17:08:52.987+0000 INFO  [neo4j]: logged in
2025-11-18 17:08:53.026+0000 INFO  [neo4j]: logged in
2025-11-18 17:08:53.043+0000 INFO  [neo4j]: logged in
2025-11-18 17:08:53.045+0000 INFO  [neo4j]: logged in
2025-11-18 17:08:53.085+0000 INFO  [neo4j]: logged in
2025-11-18 17:08:53.098+0000 INFO  [neo4j]: logged in
2025-11-18 17:08:53.170+0000 INFO  [neo4j]: logged in
2025-11-18 17:08:53.206+0000 INFO  [neo4j]: logged in
2025-11-18 17:09:10.867+0000 INFO  [neo4j]: logged in within cluster
2025-11-18 17:09:23.615+0000 INFO  [neo4j]: logged in
2025-11-18 17:09:54.844+0000 INFO  [neo4j]: logged in
2025-11-18 17:09:54.920+0000 INFO  [neo4j]: logged in
2025-11-18 17:09:54.977+0000 INFO  [neo4j]: logged in
2025-11-18 17:09:55.096+0000 INFO  [neo4j]: logged in
2025-11-18 17:10:37.712+0000 INFO  [neo4j]: logged in within cluster
2025-11-18 17:10:37.714+0000 INFO  [neo4j]: logged in within cluster
2025-11-18 17:10:37.717+0000 INFO  [neo4j]: logged in within cluster
2025-11-18 17:10:37.728+0000 INFO  [neo4j]: logged in within cluster
2025-11-18 17:10:41.066+0000 INFO  [neo4j]: logged in within cluster
2025-11-18 17:11:03.077+0000 INFO  [neo4j]: logged in
2025-11-18 17:11:03.118+0000 INFO  [neo4j]: logged in
2025-11-18 17:11:03.166+0000 INFO  [neo4j]: logged in
2025-11-18 17:11:03.189+0000 INFO  [neo4j]: logged in
2025-11-18 17:11:03.263+0000 INFO  [neo4j]: logged in
2025-11-18 17:11:03.401+0000 INFO  [neo4j]: logged in
2025-11-18 17:11:03.401+0000 INFO  [neo4j]: logged in
2025-11-18 17:11:03.402+0000 INFO  [neo4j]: logged in
2025-11-18 17:11:03.404+0000 INFO  [neo4j]: logged in
2025-11-18 17:11:03.405+0000 INFO  [neo4j]: logged in
2025-11-18 17:11:03.407+0000 INFO  [neo4j]: logged in
2025-11-18 17:11:03.412+0000 INFO  [neo4j]: logged in
2025-11-18 17:11:03.467+0000 INFO  [neo4j]: logged in
2025-11-18 17:11:03.467+0000 INFO  [neo4j]: logged in
2025-11-18 17:11:03.468+0000 INFO  [neo4j]: logged in
2025-11-18 17:11:03.469+0000 INFO  [neo4j]: logged in
2025-11-18 17:11:03.471+0000 INFO  [neo4j]: logged in
2025-11-18 17:11:03.472+0000 INFO  [neo4j]: logged in
2025-11-18 17:11:03.490+0000 INFO  [neo4j]: logged in
2025-11-18 17:11:03.516+0000 INFO  [neo4j]: logged in
2025-11-18 17:11:03.551+0000 INFO  [neo4j]: logged in
2025-11-18 17:11:03.589+0000 INFO  [neo4j]: logged in
2025-11-18 17:11:03.632+0000 INFO  [neo4j]: logged in
2025-11-18 17:11:03.686+0000 INFO  [neo4j]: logged in
2025-11-18 17:11:03.688+0000 INFO  [neo4j]: logged in
2025-11-18 17:11:03.705+0000 INFO  [neo4j]: logged in
2025-11-18 17:11:03.726+0000 INFO  [neo4j]: logged in
2025-11-18 17:11:03.800+0000 INFO  [neo4j]: logged in
2025-11-18 17:11:03.800+0000 INFO  [neo4j]: logged in
2025-11-18 17:11:03.801+0000 INFO  [neo4j]: logged in
2025-11-18 17:11:03.802+0000 INFO  [neo4j]: logged in
2025-11-18 17:11:03.841+0000 INFO  [neo4j]: logged in
2025-11-18 17:11:03.863+0000 INFO  [neo4j]: logged in
2025-11-18 17:11:03.903+0000 INFO  [neo4j]: logged in
2025-11-18 17:11:03.903+0000 INFO  [neo4j]: logged in
2025-11-18 17:11:03.904+0000 INFO  [neo4j]: logged in
2025-11-18 17:11:03.905+0000 INFO  [neo4j]: logged in
2025-11-18 17:11:03.906+0000 INFO  [neo4j]: logged in
2025-11-18 17:11:03.988+0000 INFO  [neo4j]: logged in
2025-11-18 17:11:03.995+0000 INFO  [neo4j]: logged in
2025-11-18 17:11:03.995+0000 INFO  [neo4j]: logged in
2025-11-18 17:11:03.995+0000 INFO  [neo4j]: logged in
2025-11-18 17:11:30.744+0000 INFO  [neo4j]: logged in within cluster
2025-11-18 17:11:30.744+0000 INFO  [neo4j]: logged in within cluster
2025-11-18 17:11:30.744+0000 INFO  [neo4j]: logged in within cluster
2025-11-18 17:11:30.749+0000 INFO  [neo4j]: logged in within cluster
2025-11-18 17:11:33.658+0000 INFO  [neo4j]: logged in
2025-11-18 17:11:33.700+0000 INFO  [neo4j]: logged in
2025-11-18 17:11:33.717+0000 INFO  [neo4j]: logged in
2025-11-18 17:11:33.770+0000 INFO  [neo4j]: logged in
2025-11-18 17:11:53.152+0000 INFO  [neo4j]: logged in within cluster
2025-11-18 17:11:53.158+0000 INFO  [neo4j]: logged in within cluster
2025-11-18 17:11:53.159+0000 INFO  [neo4j]: logged in within cluster
2025-11-18 17:11:53.167+0000 INFO  [neo4j]: logged in within cluster
2025-11-18 17:12:04.584+0000 INFO  [neo4j]: logged in
2025-11-18 17:12:04.624+0000 INFO  [neo4j]: logged in
2025-11-18 17:12:04.651+0000 INFO  [neo4j]: logged in
2025-11-18 17:12:04.667+0000 INFO  [neo4j]: logged in
2025-11-18 17:12:04.727+0000 INFO  [neo4j]: logged in
2025-11-18 17:12:04.927+0000 INFO  [neo4j]: logged in
2025-11-18 17:12:04.951+0000 INFO  [neo4j]: logged in
2025-11-18 17:12:04.952+0000 INFO  [neo4j]: logged in
2025-11-18 17:12:04.956+0000 INFO  [neo4j]: logged in
2025-11-18 17:12:04.957+0000 INFO  [neo4j]: logged in
2025-11-18 17:12:04.959+0000 INFO  [neo4j]: logged in
2025-11-18 17:12:04.960+0000 INFO  [neo4j]: logged in
2025-11-18 17:12:05.003+0000 INFO  [neo4j]: logged in
2025-11-18 17:12:05.085+0000 INFO  [neo4j]: logged in
2025-11-18 17:12:05.085+0000 INFO  [neo4j]: logged in
2025-11-18 17:12:05.086+0000 INFO  [neo4j]: logged in
2025-11-18 17:12:05.086+0000 INFO  [neo4j]: logged in
2025-11-18 17:12:05.088+0000 INFO  [neo4j]: logged in
2025-11-18 17:12:05.088+0000 INFO  [neo4j]: logged in
2025-11-18 17:12:05.112+0000 INFO  [neo4j]: logged in
2025-11-18 17:12:05.142+0000 INFO  [neo4j]: logged in
2025-11-18 17:12:05.148+0000 INFO  [neo4j]: logged in
2025-11-18 17:12:05.225+0000 INFO  [neo4j]: logged in
2025-11-18 17:12:05.226+0000 INFO  [neo4j]: logged in
2025-11-18 17:12:05.227+0000 INFO  [neo4j]: logged in
2025-11-18 17:12:05.274+0000 INFO  [neo4j]: logged in
2025-11-18 17:12:05.311+0000 INFO  [neo4j]: logged in
2025-11-18 17:12:05.322+0000 INFO  [neo4j]: logged in
2025-11-18 17:12:05.339+0000 INFO  [neo4j]: logged in
2025-11-18 17:12:05.422+0000 INFO  [neo4j]: logged in
2025-11-18 17:12:05.422+0000 INFO  [neo4j]: logged in
2025-11-18 17:12:05.424+0000 INFO  [neo4j]: logged in
2025-11-18 17:12:05.422+0000 INFO  [neo4j]: logged in
2025-11-18 17:12:05.424+0000 INFO  [neo4j]: logged in
2025-11-18 17:12:05.491+0000 INFO  [neo4j]: logged in
2025-11-18 17:12:05.497+0000 INFO  [neo4j]: logged in
2025-11-18 17:12:05.497+0000 INFO  [neo4j]: logged in
2025-11-18 17:12:05.503+0000 INFO  [neo4j]: logged in
2025-11-18 17:12:05.570+0000 INFO  [neo4j]: logged in
2025-11-18 17:12:05.579+0000 INFO  [neo4j]: logged in
2025-11-18 17:12:05.587+0000 INFO  [neo4j]: logged in
2025-11-18 17:12:05.606+0000 INFO  [neo4j]: logged in
2025-11-18 17:12:08.226+0000 INFO  [neo4j]: logged in
2025-11-18 17:12:08.226+0000 INFO  [neo4j]: logged in
2025-11-18 17:12:08.228+0000 INFO  [neo4j]: logged in
2025-11-18 17:12:08.228+0000 INFO  [neo4j]: logged in
2025-11-18 17:12:08.251+0000 INFO  [neo4j]: logged in
2025-11-18 17:12:08.252+0000 INFO  [neo4j]: logged in
2025-11-18 17:12:08.252+0000 INFO  [neo4j]: logged in
2025-11-18 17:12:08.253+0000 INFO  [neo4j]: logged in
2025-11-18 17:12:08.280+0000 INFO  [neo4j]: logged in
2025-11-18 17:12:08.281+0000 INFO  [neo4j]: logged in
2025-11-18 17:12:08.285+0000 INFO  [neo4j]: logged in
2025-11-18 17:12:08.288+0000 INFO  [neo4j]: logged in
2025-11-18 17:12:35.909+0000 INFO  [neo4j]: logged in
2025-11-18 17:12:35.949+0000 INFO  [neo4j]: logged in
2025-11-18 17:12:35.966+0000 INFO  [neo4j]: logged in
2025-11-18 17:12:36.005+0000 INFO  [neo4j]: logged in
2025-11-18 17:13:05.968+0000 INFO  [neo4j]: logged in
2025-11-18 17:13:36.033+0000 INFO  [neo4j]: logged in
2025-11-18 17:13:36.071+0000 INFO  [neo4j]: logged in
2025-11-18 17:13:36.091+0000 INFO  [neo4j]: logged in
2025-11-18 17:13:36.140+0000 INFO  [neo4j]: logged in
2025-11-18 17:13:55.672+0000 INFO  [neo4j]: logged in within cluster
2025-11-18 17:13:55.674+0000 INFO  [neo4j]: logged in within cluster
2025-11-18 17:14:06.085+0000 INFO  [neo4j]: logged in
2025-11-18 17:14:06.114+0000 INFO  [neo4j]: logged in
2025-11-18 17:14:06.134+0000 INFO  [neo4j]: logged in
2025-11-18 17:14:06.163+0000 INFO  [neo4j]: logged in
2025-11-18 17:14:18.072+0000 INFO  [neo4j]: logged in
2025-11-18 17:14:18.108+0000 INFO  [neo4j]: logged in
2025-11-18 17:14:18.173+0000 INFO  [neo4j]: logged in
2025-11-18 17:14:18.193+0000 INFO  [neo4j]: logged in
2025-11-18 17:14:18.228+0000 INFO  [neo4j]: logged in
2025-11-18 17:14:18.330+0000 INFO  [neo4j]: logged in
2025-11-18 17:14:18.331+0000 INFO  [neo4j]: logged in
2025-11-18 17:14:18.332+0000 INFO  [neo4j]: logged in
2025-11-18 17:14:18.332+0000 INFO  [neo4j]: logged in
2025-11-18 17:14:18.333+0000 INFO  [neo4j]: logged in
2025-11-18 17:14:18.335+0000 INFO  [neo4j]: logged in
2025-11-18 17:14:18.342+0000 INFO  [neo4j]: logged in
2025-11-18 17:14:18.376+0000 INFO  [neo4j]: logged in
2025-11-18 17:14:18.377+0000 INFO  [neo4j]: logged in
2025-11-18 17:14:18.377+0000 INFO  [neo4j]: logged in
2025-11-18 17:14:18.377+0000 INFO  [neo4j]: logged in
2025-11-18 17:14:18.378+0000 INFO  [neo4j]: logged in
2025-11-18 17:14:18.379+0000 INFO  [neo4j]: logged in
2025-11-18 17:14:18.394+0000 INFO  [neo4j]: logged in
2025-11-18 17:14:18.412+0000 INFO  [neo4j]: logged in
2025-11-18 17:14:18.421+0000 INFO  [neo4j]: logged in
2025-11-18 17:14:18.614+0000 INFO  [neo4j]: logged in
2025-11-18 17:14:18.614+0000 INFO  [neo4j]: logged in
2025-11-18 17:14:18.658+0000 INFO  [neo4j]: logged in
2025-11-18 17:14:18.696+0000 INFO  [neo4j]: logged in
2025-11-18 17:14:18.700+0000 INFO  [neo4j]: logged in
2025-11-18 17:14:18.705+0000 INFO  [neo4j]: logged in
2025-11-18 17:14:18.711+0000 INFO  [neo4j]: logged in
2025-11-18 17:14:18.747+0000 INFO  [neo4j]: logged in
2025-11-18 17:14:18.826+0000 INFO  [neo4j]: logged in
2025-11-18 17:14:48.490+0000 INFO  [neo4j]: logged in
2025-11-18 17:15:18.545+0000 INFO  [neo4j]: logged in
2025-11-18 17:15:18.572+0000 INFO  [neo4j]: logged in
2025-11-18 17:15:18.586+0000 INFO  [neo4j]: logged in
2025-11-18 17:15:18.621+0000 INFO  [neo4j]: logged in
2025-11-18 17:15:48.692+0000 INFO  [neo4j]: logged in
2025-11-18 17:16:18.915+0000 INFO  [neo4j]: logged in
2025-11-18 17:16:18.941+0000 INFO  [neo4j]: logged in
2025-11-18 17:16:18.955+0000 INFO  [neo4j]: logged in
2025-11-18 17:16:18.989+0000 INFO  [neo4j]: logged in
2025-11-18 17:16:47.964+0000 INFO  [neo4j]: logged in within cluster
2025-11-18 17:16:47.980+0000 INFO  [neo4j]: logged in within cluster
2025-11-18 17:16:48.053+0000 INFO  [neo4j]: logged in within cluster
2025-11-18 17:16:49.431+0000 INFO  [neo4j]: logged in
2025-11-18 17:17:19.905+0000 INFO  [neo4j]: logged in
2025-11-18 17:17:19.930+0000 INFO  [neo4j]: logged in
2025-11-18 17:17:19.944+0000 INFO  [neo4j]: logged in
2025-11-18 17:17:19.972+0000 INFO  [neo4j]: logged in
2025-11-18 17:17:50.128+0000 INFO  [neo4j]: logged in
2025-11-18 17:18:21.172+0000 INFO  [neo4j]: logged in
2025-11-18 17:18:21.195+0000 INFO  [neo4j]: logged in
2025-11-18 17:18:21.208+0000 INFO  [neo4j]: logged in
2025-11-18 17:18:21.233+0000 INFO  [neo4j]: logged in
2025-11-18 17:18:51.225+0000 INFO  [neo4j]: logged in
2025-11-18 17:19:21.640+0000 INFO  [neo4j]: logged in
2025-11-18 17:19:21.672+0000 INFO  [neo4j]: logged in
2025-11-18 17:19:21.688+0000 INFO  [neo4j]: logged in
2025-11-18 17:19:21.724+0000 INFO  [neo4j]: logged in
2025-11-18 17:19:52.644+0000 INFO  [neo4j]: logged in
2025-11-18 17:20:23.294+0000 INFO  [neo4j]: logged in
2025-11-18 17:20:23.319+0000 INFO  [neo4j]: logged in
2025-11-18 17:20:23.333+0000 INFO  [neo4j]: logged in
2025-11-18 17:20:23.373+0000 INFO  [neo4j]: logged in
2025-11-18 17:20:54.139+0000 INFO  [neo4j]: logged in
2025-11-18 17:21:01.014+0000 INFO  [neo4j]: logged in
2025-11-18 17:21:01.055+0000 INFO  [neo4j]: logged in
2025-11-18 17:21:01.085+0000 INFO  [neo4j]: logged in
2025-11-18 17:21:01.101+0000 INFO  [neo4j]: logged in
2025-11-18 17:21:01.133+0000 INFO  [neo4j]: logged in
2025-11-18 17:21:01.232+0000 INFO  [neo4j]: logged in
2025-11-18 17:21:01.233+0000 INFO  [neo4j]: logged in
2025-11-18 17:21:01.233+0000 INFO  [neo4j]: logged in
2025-11-18 17:21:01.234+0000 INFO  [neo4j]: logged in
2025-11-18 17:21:01.235+0000 INFO  [neo4j]: logged in
2025-11-18 17:21:01.236+0000 INFO  [neo4j]: logged in
2025-11-18 17:21:01.241+0000 INFO  [neo4j]: logged in
2025-11-18 17:21:01.265+0000 INFO  [neo4j]: logged in
2025-11-18 17:21:01.301+0000 INFO  [neo4j]: logged in
2025-11-18 17:21:01.303+0000 INFO  [neo4j]: logged in
2025-11-18 17:21:01.304+0000 INFO  [neo4j]: logged in
2025-11-18 17:21:01.307+0000 INFO  [neo4j]: logged in
2025-11-18 17:21:01.312+0000 INFO  [neo4j]: logged in
2025-11-18 17:21:01.318+0000 INFO  [neo4j]: logged in
2025-11-18 17:21:01.323+0000 INFO  [neo4j]: logged in
2025-11-18 17:21:01.367+0000 INFO  [neo4j]: logged in
2025-11-18 17:21:01.385+0000 INFO  [neo4j]: logged in
2025-11-18 17:21:01.416+0000 INFO  [neo4j]: logged in
2025-11-18 17:21:01.437+0000 INFO  [neo4j]: logged in
2025-11-18 17:21:01.449+0000 INFO  [neo4j]: logged in
2025-11-18 17:21:01.510+0000 INFO  [neo4j]: logged in
2025-11-18 17:21:01.522+0000 INFO  [neo4j]: logged in
2025-11-18 17:21:01.536+0000 INFO  [neo4j]: logged in
2025-11-18 17:21:01.576+0000 INFO  [neo4j]: logged in
2025-11-18 17:21:01.584+0000 INFO  [neo4j]: logged in
2025-11-18 17:21:31.379+0000 INFO  [neo4j]: logged in
2025-11-18 17:22:01.430+0000 INFO  [neo4j]: logged in
2025-11-18 17:22:01.484+0000 INFO  [neo4j]: logged in
2025-11-18 17:22:01.501+0000 INFO  [neo4j]: logged in
2025-11-18 17:22:01.543+0000 INFO  [neo4j]: logged in
2025-11-18 17:22:31.493+0000 INFO  [neo4j]: logged in
2025-11-18 17:23:01.539+0000 INFO  [neo4j]: logged in
2025-11-18 17:23:01.565+0000 INFO  [neo4j]: logged in
2025-11-18 17:23:01.584+0000 INFO  [neo4j]: logged in
2025-11-18 17:23:01.630+0000 INFO  [neo4j]: logged in
2025-11-18 17:23:31.585+0000 INFO  [neo4j]: logged in
2025-11-18 17:24:01.636+0000 INFO  [neo4j]: logged in
2025-11-18 17:24:01.669+0000 INFO  [neo4j]: logged in
2025-11-18 17:24:01.687+0000 INFO  [neo4j]: logged in
2025-11-18 17:24:01.726+0000 INFO  [neo4j]: logged in
2025-11-18 17:24:31.682+0000 INFO  [neo4j]: logged in
2025-11-18 17:25:01.745+0000 INFO  [neo4j]: logged in
2025-11-18 17:25:01.939+0000 INFO  [neo4j]: logged in
2025-11-18 17:25:01.974+0000 INFO  [neo4j]: logged in
2025-11-18 17:25:02.165+0000 INFO  [neo4j]: logged in
2025-11-18 17:25:31.940+0000 INFO  [neo4j]: logged in
2025-11-18 17:26:01.985+0000 INFO  [neo4j]: logged in
2025-11-18 17:26:02.015+0000 INFO  [neo4j]: logged in
2025-11-18 17:26:02.028+0000 INFO  [neo4j]: logged in
2025-11-18 17:26:02.077+0000 INFO  [neo4j]: logged in
2025-11-18 17:26:18.651+0000 INFO  [neo4j]: logged in within cluster
2025-11-18 17:26:21.152+0000 INFO  [neo4j]: logged in
2025-11-18 17:26:21.202+0000 INFO  [neo4j]: logged in
2025-11-18 17:26:21.282+0000 INFO  [neo4j]: logged in
2025-11-18 17:26:21.306+0000 INFO  [neo4j]: logged in
2025-11-18 17:26:21.352+0000 INFO  [neo4j]: logged in
2025-11-18 17:26:21.729+0000 INFO  [neo4j]: logged in
2025-11-18 17:26:21.729+0000 INFO  [neo4j]: logged in
2025-11-18 17:26:21.732+0000 INFO  [neo4j]: logged in
2025-11-18 17:26:21.732+0000 INFO  [neo4j]: logged in
2025-11-18 17:26:21.732+0000 INFO  [neo4j]: logged in
2025-11-18 17:26:21.733+0000 INFO  [neo4j]: logged in
2025-11-18 17:26:21.739+0000 INFO  [neo4j]: logged in
2025-11-18 17:26:21.739+0000 INFO  [neo4j]: logged in
2025-11-18 17:26:21.858+0000 INFO  [neo4j]: logged in
2025-11-18 17:26:21.859+0000 INFO  [neo4j]: logged in
2025-11-18 17:26:21.860+0000 INFO  [neo4j]: logged in
2025-11-18 17:26:21.861+0000 INFO  [neo4j]: logged in
2025-11-18 17:26:21.862+0000 INFO  [neo4j]: logged in
2025-11-18 17:26:21.863+0000 INFO  [neo4j]: logged in
2025-11-18 17:26:21.882+0000 INFO  [neo4j]: logged in
2025-11-18 17:26:21.942+0000 INFO  [neo4j]: logged in
2025-11-18 17:26:21.948+0000 INFO  [neo4j]: logged in
2025-11-18 17:26:21.959+0000 INFO  [neo4j]: logged in
2025-11-18 17:26:22.004+0000 INFO  [neo4j]: logged in
2025-11-18 17:26:22.036+0000 INFO  [neo4j]: logged in
2025-11-18 17:26:22.037+0000 INFO  [neo4j]: logged in
2025-11-18 17:26:22.043+0000 INFO  [neo4j]: logged in
2025-11-18 17:26:22.093+0000 INFO  [neo4j]: logged in
2025-11-18 17:26:22.195+0000 INFO  [neo4j]: logged in
2025-11-18 17:26:22.292+0000 INFO  [neo4j]: logged in
2025-11-18 17:26:22.293+0000 INFO  [neo4j]: logged in
2025-11-18 17:26:22.294+0000 INFO  [neo4j]: logged in
2025-11-18 17:26:22.294+0000 INFO  [neo4j]: logged in
2025-11-18 17:26:22.295+0000 INFO  [neo4j]: logged in
2025-11-18 17:26:22.427+0000 INFO  [neo4j]: logged in
2025-11-18 17:26:22.427+0000 INFO  [neo4j]: logged in
2025-11-18 17:26:22.427+0000 INFO  [neo4j]: logged in
2025-11-18 17:26:22.428+0000 INFO  [neo4j]: logged in
2025-11-18 17:26:22.495+0000 INFO  [neo4j]: logged in
2025-11-18 17:26:22.496+0000 INFO  [neo4j]: logged in
2025-11-18 17:26:22.499+0000 INFO  [neo4j]: logged in
2025-11-18 17:26:22.505+0000 INFO  [neo4j]: logged in
2025-11-18 17:26:27.543+0000 INFO  [neo4j]: logged in within cluster
2025-11-18 17:26:27.547+0000 INFO  [neo4j]: logged in within cluster
2025-11-18 17:26:27.672+0000 INFO  [neo4j]: logged in within cluster
2025-11-18 17:26:50.892+0000 INFO  [neo4j]: logged in within cluster
2025-11-18 17:26:51.868+0000 INFO  [neo4j]: logged in
2025-11-18 17:26:51.908+0000 INFO  [neo4j]: logged in
2025-11-18 17:26:51.923+0000 INFO  [neo4j]: logged in
2025-11-18 17:26:52.019+0000 INFO  [neo4j]: logged in
2025-11-18 17:27:08.902+0000 INFO  [neo4j]: logged in within cluster
2025-11-18 17:27:08.902+0000 INFO  [neo4j]: logged in within cluster
2025-11-18 17:27:08.904+0000 INFO  [neo4j]: logged in within cluster
2025-11-18 17:27:08.904+0000 INFO  [neo4j]: logged in within cluster
2025-11-18 17:27:21.930+0000 INFO  [neo4j]: logged in
2025-11-18 17:27:21.963+0000 INFO  [neo4j]: logged in
2025-11-18 17:27:21.990+0000 INFO  [neo4j]: logged in
2025-11-18 17:27:22.004+0000 INFO  [neo4j]: logged in
2025-11-18 17:27:22.032+0000 INFO  [neo4j]: logged in
2025-11-18 17:27:22.171+0000 INFO  [neo4j]: logged in
2025-11-18 17:27:22.172+0000 INFO  [neo4j]: logged in
2025-11-18 17:27:22.172+0000 INFO  [neo4j]: logged in
2025-11-18 17:27:22.172+0000 INFO  [neo4j]: logged in
2025-11-18 17:27:22.173+0000 INFO  [neo4j]: logged in
2025-11-18 17:27:22.173+0000 INFO  [neo4j]: logged in
2025-11-18 17:27:22.180+0000 INFO  [neo4j]: logged in
2025-11-18 17:27:22.214+0000 INFO  [neo4j]: logged in
2025-11-18 17:27:22.272+0000 INFO  [neo4j]: logged in
2025-11-18 17:27:22.272+0000 INFO  [neo4j]: logged in
2025-11-18 17:27:22.272+0000 INFO  [neo4j]: logged in
2025-11-18 17:27:22.272+0000 INFO  [neo4j]: logged in
2025-11-18 17:27:22.273+0000 INFO  [neo4j]: logged in
2025-11-18 17:27:22.273+0000 INFO  [neo4j]: logged in
2025-11-18 17:27:22.288+0000 INFO  [neo4j]: logged in
2025-11-18 17:27:22.390+0000 INFO  [neo4j]: logged in
2025-11-18 17:27:22.414+0000 INFO  [neo4j]: logged in
2025-11-18 17:27:22.431+0000 INFO  [neo4j]: logged in
2025-11-18 17:27:22.432+0000 INFO  [neo4j]: logged in
2025-11-18 17:27:22.449+0000 INFO  [neo4j]: logged in
2025-11-18 17:27:22.473+0000 INFO  [neo4j]: logged in
2025-11-18 17:27:22.480+0000 INFO  [neo4j]: logged in
2025-11-18 17:27:22.489+0000 INFO  [neo4j]: logged in
2025-11-18 17:27:22.491+0000 INFO  [neo4j]: logged in
2025-11-18 17:27:22.563+0000 INFO  [neo4j]: logged in
2025-11-18 17:27:22.565+0000 INFO  [neo4j]: logged in
2025-11-18 17:27:22.566+0000 INFO  [neo4j]: logged in
2025-11-18 17:27:22.567+0000 INFO  [neo4j]: logged in
2025-11-18 17:27:22.621+0000 INFO  [neo4j]: logged in
2025-11-18 17:27:22.621+0000 INFO  [neo4j]: logged in
2025-11-18 17:27:22.621+0000 INFO  [neo4j]: logged in
2025-11-18 17:27:22.621+0000 INFO  [neo4j]: logged in
2025-11-18 17:27:22.621+0000 INFO  [neo4j]: logged in
2025-11-18 17:27:22.708+0000 INFO  [neo4j]: logged in
2025-11-18 17:27:22.715+0000 INFO  [neo4j]: logged in
2025-11-18 17:27:22.715+0000 INFO  [neo4j]: logged in
2025-11-18 17:27:22.716+0000 INFO  [neo4j]: logged in
2025-11-18 17:27:25.274+0000 INFO  [neo4j]: logged in within cluster
2025-11-18 17:27:25.277+0000 INFO  [neo4j]: logged in within cluster
2025-11-18 17:27:25.279+0000 INFO  [neo4j]: logged in within cluster
2025-11-18 17:27:25.286+0000 INFO  [neo4j]: logged in within cluster
2025-11-18 17:27:52.378+0000 INFO  [neo4j]: logged in
2025-11-18 17:27:52.476+0000 INFO  [neo4j]: logged in
2025-11-18 17:27:52.499+0000 INFO  [neo4j]: logged in
2025-11-18 17:27:52.554+0000 INFO  [neo4j]: logged in
2025-11-18 17:28:25.979+0000 INFO  [neo4j]: logged in
2025-11-18 17:28:26.215+0000 INFO  [neo4j]: logged in
2025-11-18 17:28:26.217+0000 INFO  [neo4j]: logged in
2025-11-18 17:28:26.221+0000 INFO  [neo4j]: logged in
2025-11-18 17:28:26.224+0000 INFO  [neo4j]: logged in
2025-11-18 17:28:26.238+0000 INFO  [neo4j]: logged in
2025-11-18 17:28:26.248+0000 INFO  [neo4j]: logged in
2025-11-18 17:28:26.272+0000 INFO  [neo4j]: logged in
2025-11-18 17:28:53.934+0000 INFO  [neo4j]: logged in within cluster
2025-11-18 17:28:53.934+0000 INFO  [neo4j]: logged in within cluster
2025-11-18 17:28:53.934+0000 INFO  [neo4j]: logged in within cluster
2025-11-18 17:28:53.934+0000 INFO  [neo4j]: logged in within cluster
