2025-11-18 15:20:30.295+0000 INFO  CREATE USER neo4j PASSWORD ****** CHANGE NOT REQUIRED
2025-11-18 15:20:30.426+0000 INFO  CREATE ROLE admin
2025-11-18 15:20:30.427+0000 INFO  GRANT TRANSACTION MANAGEMENT ON DATABASE * TO admin
2025-11-18 15:20:30.429+0000 INFO  GRANT START ON DATABASE * TO admin
2025-11-18 15:20:30.429+0000 INFO  GRANT STOP ON DATABASE * TO admin
2025-11-18 15:20:30.429+0000 INFO  GRANT ALL ON DBMS TO admin
2025-11-18 15:20:30.429+0000 INFO  GRANT CONSTRAINT MANAGEMENT ON DATABASE * TO admin
2025-11-18 15:20:30.429+0000 INFO  GRANT INDEX MANAGEMENT ON DATABASE * TO admin
2025-11-18 15:20:30.429+0000 INFO  GRANT NAME MANAGEMENT ON DATABASE * TO admin
2025-11-18 15:20:30.429+0000 INFO  GRANT WRITE ON GRAPH * TO admin
2025-11-18 15:20:30.429+0000 INFO  GRANT MATCH {*} ON GRAPH * TO admin
2025-11-18 15:20:30.429+0000 INFO  GRANT ACCESS ON DATABASE * TO admin
2025-11-18 15:20:30.429+0000 INFO  GRANT SHOW INDEX ON DATABASE * TO admin
2025-11-18 15:20:30.429+0000 INFO  GRANT SHOW CONSTRAINTS ON DATABASE * TO admin
2025-11-18 15:20:30.430+0000 INFO  GRANT LOAD ON ALL DATA TO admin
2025-11-18 15:20:30.430+0000 INFO  CREATE ROLE architect
2025-11-18 15:20:30.430+0000 INFO  GRANT CONSTRAINT MANAGEMENT ON DATABASE * TO architect
2025-11-18 15:20:30.430+0000 INFO  GRANT INDEX MANAGEMENT ON DATABASE * TO architect
2025-11-18 15:20:30.430+0000 INFO  GRANT NAME MANAGEMENT ON DATABASE * TO architect
2025-11-18 15:20:30.430+0000 INFO  GRANT WRITE ON GRAPH * TO architect
2025-11-18 15:20:30.430+0000 INFO  GRANT MATCH {*} ON GRAPH * TO architect
2025-11-18 15:20:30.430+0000 INFO  GRANT ACCESS ON DATABASE * TO architect
2025-11-18 15:20:30.430+0000 INFO  GRANT SHOW INDEX ON DATABASE * TO architect
2025-11-18 15:20:30.430+0000 INFO  GRANT SHOW CONSTRAINTS ON DATABASE * TO architect
2025-11-18 15:20:30.430+0000 INFO  CREATE ROLE publisher
2025-11-18 15:20:30.431+0000 INFO  GRANT NAME MANAGEMENT ON DATABASE * TO publisher
2025-11-18 15:20:30.431+0000 INFO  GRANT WRITE ON GRAPH * TO publisher
2025-11-18 15:20:30.431+0000 INFO  GRANT MATCH {*} ON GRAPH * TO publisher
2025-11-18 15:20:30.431+0000 INFO  GRANT ACCESS ON DATABASE * TO publisher
2025-11-18 15:20:30.431+0000 INFO  GRANT SHOW INDEX ON DATABASE * TO publisher
2025-11-18 15:20:30.431+0000 INFO  GRANT SHOW CONSTRAINTS ON DATABASE * TO publisher
2025-11-18 15:20:30.431+0000 INFO  CREATE ROLE editor
2025-11-18 15:20:30.431+0000 INFO  GRANT WRITE ON GRAPH * TO editor
2025-11-18 15:20:30.431+0000 INFO  GRANT MATCH {*} ON GRAPH * TO editor
2025-11-18 15:20:30.431+0000 INFO  GRANT ACCESS ON DATABASE * TO editor
2025-11-18 15:20:30.431+0000 INFO  GRANT SHOW INDEX ON DATABASE * TO editor
2025-11-18 15:20:30.431+0000 INFO  GRANT SHOW CONSTRAINTS ON DATABASE * TO editor
2025-11-18 15:20:30.431+0000 INFO  CREATE ROLE reader
2025-11-18 15:20:30.432+0000 INFO  GRANT MATCH {*} ON GRAPH * TO reader
2025-11-18 15:20:30.432+0000 INFO  GRANT ACCESS ON DATABASE * TO reader
2025-11-18 15:20:30.432+0000 INFO  GRANT SHOW INDEX ON DATABASE * TO reader
2025-11-18 15:20:30.432+0000 INFO  GRANT SHOW CONSTRAINTS ON DATABASE * TO reader
2025-11-18 15:20:30.432+0000 INFO  CREATE ROLE PUBLIC
2025-11-18 15:20:30.432+0000 INFO  GRANT ACCESS ON HOME DATABASE TO PUBLIC
2025-11-18 15:20:30.432+0000 INFO  GRANT EXECUTE PROCEDURE * ON DBMS TO PUBLIC
2025-11-18 15:20:30.432+0000 INFO  GRANT EXECUTE FUNCTION * ON DBMS TO PUBLIC
2025-11-18 15:20:30.432+0000 INFO  GRANT LOAD ON ALL DATA TO PUBLIC
2025-11-18 15:20:30.433+0000 INFO  GRANT ROLE admin TO neo4j
2025-11-18 15:20:46.474+0000 INFO  ENABLE SERVER $id
2025-11-18 15:26:34.769+0000 INFO  [neo4j]: logged in within cluster
2025-11-18 15:26:34.972+0000 INFO  [neo4j]: logged in within cluster
2025-11-18 15:26:50.576+0000 INFO  [neo4j]: logged in
2025-11-18 15:26:50.607+0000 INFO  [neo4j]: logged in
2025-11-18 15:26:50.662+0000 INFO  [neo4j]: logged in
2025-11-18 15:26:50.679+0000 INFO  [neo4j]: logged in
2025-11-18 15:26:50.695+0000 INFO  [neo4j]: logged in
2025-11-18 15:26:50.709+0000 INFO  [neo4j]: logged in
2025-11-18 15:26:50.755+0000 INFO  [neo4j]: logged in
2025-11-18 15:26:50.755+0000 INFO  [neo4j]: logged in
2025-11-18 15:26:50.755+0000 INFO  [neo4j]: logged in
2025-11-18 15:26:50.756+0000 INFO  [neo4j]: logged in
2025-11-18 15:26:50.758+0000 INFO  [neo4j]: logged in
2025-11-18 15:26:50.758+0000 INFO  [neo4j]: logged in
2025-11-18 15:26:50.760+0000 INFO  [neo4j]: logged in
2025-11-18 15:26:50.763+0000 INFO  [neo4j]: logged in
2025-11-18 15:26:50.763+0000 INFO  [neo4j]: logged in
2025-11-18 15:26:50.763+0000 INFO  [neo4j]: logged in
2025-11-18 15:26:50.764+0000 INFO  [neo4j]: logged in
2025-11-18 15:26:50.764+0000 INFO  [neo4j]: logged in
2025-11-18 15:26:50.767+0000 INFO  [neo4j]: logged in
2025-11-18 15:26:50.768+0000 INFO  [neo4j]: logged in
2025-11-18 15:26:50.769+0000 INFO  [neo4j]: logged in
2025-11-18 15:26:50.773+0000 INFO  [neo4j]: logged in
2025-11-18 15:26:50.776+0000 INFO  [neo4j]: logged in
2025-11-18 15:26:50.780+0000 INFO  [neo4j]: logged in
2025-11-18 15:26:50.792+0000 INFO  [neo4j]: logged in
2025-11-18 15:26:50.805+0000 INFO  [neo4j]: logged in
2025-11-18 15:26:50.823+0000 INFO  [neo4j]: logged in
2025-11-18 15:26:50.841+0000 INFO  [neo4j]: logged in
2025-11-18 15:26:50.842+0000 INFO  [neo4j]: logged in
2025-11-18 15:26:50.856+0000 INFO  [neo4j]: logged in
2025-11-18 15:26:50.868+0000 INFO  [neo4j]: logged in
2025-11-18 15:26:50.880+0000 INFO  [neo4j]: logged in
2025-11-18 15:26:50.892+0000 INFO  [neo4j]: logged in
2025-11-18 15:26:50.896+0000 INFO  [neo4j]: logged in
2025-11-18 15:26:50.900+0000 INFO  [neo4j]: logged in
2025-11-18 15:26:50.912+0000 INFO  [neo4j]: logged in
2025-11-18 15:26:50.917+0000 INFO  [neo4j]: logged in
2025-11-18 15:26:50.947+0000 INFO  [neo4j]: logged in
2025-11-18 15:26:50.947+0000 INFO  [neo4j]: logged in
2025-11-18 15:26:50.951+0000 INFO  [neo4j]: logged in
2025-11-18 15:26:50.955+0000 INFO  [neo4j]: logged in
2025-11-18 15:26:50.960+0000 INFO  [neo4j]: logged in
2025-11-18 15:26:50.960+0000 INFO  [neo4j]: logged in
2025-11-18 15:26:50.961+0000 INFO  [neo4j]: logged in
2025-11-18 15:26:50.967+0000 INFO  [neo4j]: logged in
2025-11-18 15:26:50.969+0000 INFO  [neo4j]: logged in
2025-11-18 15:26:50.997+0000 INFO  [neo4j]: logged in
2025-11-18 15:26:50.998+0000 INFO  [neo4j]: logged in
2025-11-18 15:26:50.998+0000 INFO  [neo4j]: logged in
2025-11-18 15:26:51.003+0000 INFO  [neo4j]: logged in
2025-11-18 15:27:20.797+0000 INFO  [neo4j]: logged in
2025-11-18 15:27:20.818+0000 INFO  [neo4j]: logged in
2025-11-18 15:27:20.824+0000 INFO  [neo4j]: logged in
2025-11-18 15:27:21.060+0000 INFO  [neo4j]: logged in
2025-11-18 15:27:35.655+0000 INFO  [neo4j]: logged in
2025-11-18 15:27:35.665+0000 INFO  [neo4j]: logged in
2025-11-18 15:27:35.699+0000 INFO  [neo4j]: logged in
2025-11-18 15:27:50.914+0000 INFO  [neo4j]: logged in
2025-11-18 15:27:50.927+0000 INFO  [neo4j]: logged in
2025-11-18 15:27:50.933+0000 INFO  [neo4j]: logged in
2025-11-18 15:27:50.952+0000 INFO  [neo4j]: logged in
2025-11-18 15:28:16.209+0000 INFO  [neo4j]: logged in
2025-11-18 15:28:16.223+0000 INFO  [neo4j]: logged in
2025-11-18 15:28:16.260+0000 INFO  [neo4j]: logged in
2025-11-18 15:28:21.188+0000 INFO  [neo4j]: logged in
2025-11-18 15:28:21.200+0000 INFO  [neo4j]: logged in
2025-11-18 15:28:21.205+0000 INFO  [neo4j]: logged in
2025-11-18 15:28:21.222+0000 INFO  [neo4j]: logged in
2025-11-18 15:28:51.556+0000 INFO  [neo4j]: logged in
2025-11-18 15:28:51.570+0000 INFO  [neo4j]: logged in
2025-11-18 15:28:51.575+0000 INFO  [neo4j]: logged in
2025-11-18 15:28:51.598+0000 INFO  [neo4j]: logged in
2025-11-18 15:29:22.437+0000 INFO  [neo4j]: logged in
2025-11-18 15:29:22.451+0000 INFO  [neo4j]: logged in
2025-11-18 15:29:22.457+0000 INFO  [neo4j]: logged in
2025-11-18 15:29:22.476+0000 INFO  [neo4j]: logged in
2025-11-18 15:29:52.849+0000 INFO  [neo4j]: logged in
2025-11-18 15:29:52.861+0000 INFO  [neo4j]: logged in
2025-11-18 15:29:52.866+0000 INFO  [neo4j]: logged in
2025-11-18 15:29:52.887+0000 INFO  [neo4j]: logged in
2025-11-18 15:30:22.964+0000 INFO  [neo4j]: logged in
2025-11-18 15:30:22.978+0000 INFO  [neo4j]: logged in
2025-11-18 15:30:22.983+0000 INFO  [neo4j]: logged in
2025-11-18 15:30:23.000+0000 INFO  [neo4j]: logged in
2025-11-18 15:30:53.050+0000 INFO  [neo4j]: logged in
2025-11-18 15:30:53.063+0000 INFO  [neo4j]: logged in
2025-11-18 15:30:53.069+0000 INFO  [neo4j]: logged in
2025-11-18 15:30:53.085+0000 INFO  [neo4j]: logged in
2025-11-18 15:31:24.059+0000 INFO  [neo4j]: logged in
2025-11-18 15:31:24.074+0000 INFO  [neo4j]: logged in
2025-11-18 15:31:24.079+0000 INFO  [neo4j]: logged in
2025-11-18 15:31:24.094+0000 INFO  [neo4j]: logged in
2025-11-18 15:31:54.120+0000 INFO  [neo4j]: logged in
2025-11-18 15:31:54.133+0000 INFO  [neo4j]: logged in
2025-11-18 15:31:54.138+0000 INFO  [neo4j]: logged in
2025-11-18 15:31:54.154+0000 INFO  [neo4j]: logged in
2025-11-18 15:32:24.211+0000 INFO  [neo4j]: logged in
2025-11-18 15:32:24.223+0000 INFO  [neo4j]: logged in
2025-11-18 15:32:24.227+0000 INFO  [neo4j]: logged in
2025-11-18 15:32:24.243+0000 INFO  [neo4j]: logged in
2025-11-18 15:32:54.315+0000 INFO  [neo4j]: logged in
2025-11-18 15:32:54.327+0000 INFO  [neo4j]: logged in
2025-11-18 15:32:54.331+0000 INFO  [neo4j]: logged in
2025-11-18 15:32:54.345+0000 INFO  [neo4j]: logged in
2025-11-18 15:33:24.366+0000 INFO  [neo4j]: logged in
2025-11-18 15:33:24.378+0000 INFO  [neo4j]: logged in
2025-11-18 15:33:24.382+0000 INFO  [neo4j]: logged in
2025-11-18 15:33:24.396+0000 INFO  [neo4j]: logged in
2025-11-18 15:33:54.440+0000 INFO  [neo4j]: logged in
2025-11-18 15:33:54.451+0000 INFO  [neo4j]: logged in
2025-11-18 15:33:54.456+0000 INFO  [neo4j]: logged in
2025-11-18 15:33:54.470+0000 INFO  [neo4j]: logged in
2025-11-18 15:34:24.493+0000 INFO  [neo4j]: logged in
2025-11-18 15:34:24.507+0000 INFO  [neo4j]: logged in
2025-11-18 15:34:24.512+0000 INFO  [neo4j]: logged in
2025-11-18 15:34:24.527+0000 INFO  [neo4j]: logged in
2025-11-18 15:34:54.609+0000 INFO  [neo4j]: logged in
2025-11-18 15:34:54.620+0000 INFO  [neo4j]: logged in
2025-11-18 15:34:54.624+0000 INFO  [neo4j]: logged in
2025-11-18 15:34:54.638+0000 INFO  [neo4j]: logged in
2025-11-18 15:35:24.684+0000 INFO  [neo4j]: logged in
2025-11-18 15:35:24.698+0000 INFO  [neo4j]: logged in
2025-11-18 15:35:24.703+0000 INFO  [neo4j]: logged in
2025-11-18 15:35:24.717+0000 INFO  [neo4j]: logged in
2025-11-18 15:35:55.696+0000 INFO  [neo4j]: logged in
2025-11-18 15:35:55.707+0000 INFO  [neo4j]: logged in
2025-11-18 15:35:55.711+0000 INFO  [neo4j]: logged in
2025-11-18 15:35:55.724+0000 INFO  [neo4j]: logged in
2025-11-18 15:36:25.746+0000 INFO  [neo4j]: logged in
2025-11-18 15:36:25.759+0000 INFO  [neo4j]: logged in
2025-11-18 15:36:25.764+0000 INFO  [neo4j]: logged in
2025-11-18 15:36:25.776+0000 INFO  [neo4j]: logged in
2025-11-18 15:36:55.830+0000 INFO  [neo4j]: logged in
2025-11-18 15:36:55.842+0000 INFO  [neo4j]: logged in
2025-11-18 15:36:55.846+0000 INFO  [neo4j]: logged in
2025-11-18 15:36:55.859+0000 INFO  [neo4j]: logged in
2025-11-18 15:37:25.914+0000 INFO  [neo4j]: logged in
2025-11-18 15:37:25.928+0000 INFO  [neo4j]: logged in
2025-11-18 15:37:25.933+0000 INFO  [neo4j]: logged in
2025-11-18 15:37:25.946+0000 INFO  [neo4j]: logged in
2025-11-18 15:37:56.922+0000 INFO  [neo4j]: logged in
2025-11-18 15:37:56.933+0000 INFO  [neo4j]: logged in
2025-11-18 15:37:56.937+0000 INFO  [neo4j]: logged in
2025-11-18 15:37:56.949+0000 INFO  [neo4j]: logged in
2025-11-18 15:38:27.118+0000 INFO  [neo4j]: logged in
2025-11-18 15:38:27.129+0000 INFO  [neo4j]: logged in
2025-11-18 15:38:27.133+0000 INFO  [neo4j]: logged in
2025-11-18 15:38:27.145+0000 INFO  [neo4j]: logged in
2025-11-18 15:38:57.613+0000 INFO  [neo4j]: logged in
2025-11-18 15:38:57.625+0000 INFO  [neo4j]: logged in
2025-11-18 15:38:57.630+0000 INFO  [neo4j]: logged in
2025-11-18 15:38:57.644+0000 INFO  [neo4j]: logged in
2025-11-18 15:39:27.753+0000 INFO  [neo4j]: logged in
2025-11-18 15:39:27.764+0000 INFO  [neo4j]: logged in
2025-11-18 15:39:27.769+0000 INFO  [neo4j]: logged in
2025-11-18 15:39:27.782+0000 INFO  [neo4j]: logged in
2025-11-18 16:44:00.560+0000 INFO  [neo4j]: logged in
2025-11-18 16:44:00.695+0000 INFO  [neo4j]: logged in
2025-11-18 16:44:01.225+0000 INFO  [neo4j]: logged in
2025-11-18 16:44:01.467+0000 INFO  [neo4j]: logged in
2025-11-18 16:44:01.575+0000 INFO  [neo4j]: logged in
2025-11-18 16:44:01.794+0000 INFO  [neo4j]: logged in
2025-11-18 16:44:02.080+0000 INFO  [neo4j]: logged in
2025-11-18 16:44:02.081+0000 INFO  [neo4j]: logged in
2025-11-18 16:44:02.086+0000 INFO  [neo4j]: logged in
2025-11-18 16:44:02.086+0000 INFO  [neo4j]: logged in
2025-11-18 16:44:02.089+0000 INFO  [neo4j]: logged in
2025-11-18 16:44:02.087+0000 INFO  [neo4j]: logged in
2025-11-18 16:44:02.107+0000 INFO  [neo4j]: logged in
2025-11-18 16:44:02.133+0000 INFO  [neo4j]: logged in
2025-11-18 16:44:02.136+0000 INFO  [neo4j]: logged in
2025-11-18 16:44:02.136+0000 INFO  [neo4j]: logged in
2025-11-18 16:44:02.137+0000 INFO  [neo4j]: logged in
2025-11-18 16:44:02.147+0000 INFO  [neo4j]: logged in
2025-11-18 16:44:02.151+0000 INFO  [neo4j]: logged in
2025-11-18 16:44:02.153+0000 INFO  [neo4j]: logged in
2025-11-18 16:44:02.161+0000 INFO  [neo4j]: logged in
2025-11-18 16:44:02.193+0000 INFO  [neo4j]: logged in
2025-11-18 16:44:02.202+0000 INFO  [neo4j]: logged in
2025-11-18 16:44:02.210+0000 INFO  [neo4j]: logged in
2025-11-18 16:44:02.221+0000 INFO  [neo4j]: logged in
2025-11-18 16:44:02.239+0000 INFO  [neo4j]: logged in
2025-11-18 16:44:02.260+0000 INFO  [neo4j]: logged in
2025-11-18 16:44:02.819+0000 INFO  [neo4j]: logged in
2025-11-18 16:44:03.266+0000 INFO  [neo4j]: logged in
2025-11-18 16:44:03.290+0000 INFO  [neo4j]: logged in
2025-11-18 16:44:03.312+0000 INFO  [neo4j]: logged in
2025-11-18 16:44:03.331+0000 INFO  [neo4j]: logged in
2025-11-18 16:44:04.907+0000 INFO  [neo4j]: logged in
2025-11-18 16:44:04.925+0000 INFO  [neo4j]: logged in
2025-11-18 16:44:05.028+0000 INFO  [neo4j]: logged in
2025-11-18 16:44:05.038+0000 INFO  [neo4j]: logged in
2025-11-18 16:44:05.186+0000 INFO  [neo4j]: logged in
2025-11-18 16:44:05.187+0000 INFO  [neo4j]: logged in
2025-11-18 16:44:05.187+0000 INFO  [neo4j]: logged in
2025-11-18 16:44:05.189+0000 INFO  [neo4j]: logged in
2025-11-18 16:44:05.395+0000 INFO  [neo4j]: logged in
2025-11-18 16:44:05.406+0000 INFO  [neo4j]: logged in
2025-11-18 16:44:05.406+0000 INFO  [neo4j]: logged in
2025-11-18 16:44:05.410+0000 INFO  [neo4j]: logged in
2025-11-18 16:44:05.708+0000 INFO  [neo4j]: logged in
2025-11-18 16:44:05.709+0000 INFO  [neo4j]: logged in
2025-11-18 16:44:05.711+0000 INFO  [neo4j]: logged in
2025-11-18 16:44:05.711+0000 INFO  [neo4j]: logged in
2025-11-18 16:44:05.923+0000 INFO  [neo4j]: logged in
2025-11-18 16:44:05.948+0000 INFO  [neo4j]: logged in
2025-11-18 16:44:32.940+0000 INFO  [neo4j]: logged in
2025-11-18 16:44:33.216+0000 INFO  [neo4j]: logged in
2025-11-18 16:44:33.236+0000 INFO  [neo4j]: logged in
2025-11-18 16:44:33.307+0000 INFO  [neo4j]: logged in
2025-11-18 16:45:04.097+0000 INFO  [neo4j]: logged in
2025-11-18 16:45:04.144+0000 INFO  [neo4j]: logged in
2025-11-18 16:45:04.168+0000 INFO  [neo4j]: logged in
2025-11-18 16:45:04.240+0000 INFO  [neo4j]: logged in
2025-11-18 16:45:18.708+0000 INFO  [neo4j]: logged in within cluster
2025-11-18 16:45:19.167+0000 INFO  [neo4j]: logged in within cluster
2025-11-18 16:45:19.181+0000 INFO  [neo4j]: logged in within cluster
2025-11-18 16:45:34.159+0000 INFO  [neo4j]: logged in
2025-11-18 16:45:34.202+0000 INFO  [neo4j]: logged in
2025-11-18 16:45:34.219+0000 INFO  [neo4j]: logged in
2025-11-18 16:45:34.291+0000 INFO  [neo4j]: logged in
2025-11-18 16:45:37.153+0000 INFO  [neo4j]: logged in
2025-11-18 16:45:37.199+0000 INFO  [neo4j]: logged in
2025-11-18 16:45:38.140+0000 INFO  [neo4j]: logged in
2025-11-18 16:46:00.726+0000 INFO  [neo4j]: logged in
2025-11-18 16:46:00.761+0000 INFO  [neo4j]: logged in
2025-11-18 16:46:01.047+0000 INFO  [neo4j]: logged in
2025-11-18 16:46:04.010+0000 INFO  [neo4j]: logged in
2025-11-18 16:46:04.042+0000 INFO  [neo4j]: logged in
2025-11-18 16:46:04.290+0000 INFO  [neo4j]: logged in
2025-11-18 16:46:04.373+0000 INFO  [neo4j]: logged in
2025-11-18 16:46:04.387+0000 INFO  [neo4j]: logged in
2025-11-18 16:46:04.411+0000 INFO  [neo4j]: logged in
2025-11-18 16:46:04.653+0000 INFO  [neo4j]: logged in
2025-11-18 16:46:19.451+0000 INFO  [neo4j]: logged in
2025-11-18 16:46:19.488+0000 INFO  [neo4j]: logged in
2025-11-18 16:46:19.875+0000 INFO  [neo4j]: logged in
2025-11-18 16:46:23.005+0000 INFO  [neo4j]: logged in
2025-11-18 16:46:23.044+0000 INFO  [neo4j]: logged in
2025-11-18 16:46:23.440+0000 INFO  [neo4j]: logged in
2025-11-18 16:46:28.216+0000 INFO  [neo4j]: logged in
2025-11-18 16:46:28.266+0000 INFO  [neo4j]: logged in
2025-11-18 16:46:28.585+0000 INFO  [neo4j]: logged in
2025-11-18 16:46:34.385+0000 INFO  [neo4j]: logged in
2025-11-18 16:46:34.424+0000 INFO  [neo4j]: logged in
2025-11-18 16:46:34.443+0000 INFO  [neo4j]: logged in
2025-11-18 16:46:34.665+0000 INFO  [neo4j]: logged in
2025-11-18 16:46:38.645+0000 INFO  [neo4j]: logged in
2025-11-18 16:46:38.677+0000 INFO  [neo4j]: logged in
2025-11-18 16:46:38.775+0000 INFO  [neo4j]: logged in
2025-11-18 16:47:04.682+0000 INFO  [neo4j]: logged in
2025-11-18 16:47:05.022+0000 INFO  [neo4j]: logged in
2025-11-18 16:47:05.063+0000 INFO  [neo4j]: logged in
2025-11-18 16:47:05.142+0000 INFO  [neo4j]: logged in
2025-11-18 16:47:35.922+0000 INFO  [neo4j]: logged in
2025-11-18 16:47:35.982+0000 INFO  [neo4j]: logged in
2025-11-18 16:47:36.009+0000 INFO  [neo4j]: logged in
2025-11-18 16:47:36.222+0000 INFO  [neo4j]: logged in
2025-11-18 16:48:06.253+0000 INFO  [neo4j]: logged in
2025-11-18 16:48:06.303+0000 INFO  [neo4j]: logged in
2025-11-18 16:48:06.323+0000 INFO  [neo4j]: logged in
2025-11-18 16:48:06.381+0000 INFO  [neo4j]: logged in
2025-11-18 16:48:36.449+0000 INFO  [neo4j]: logged in
2025-11-18 16:48:36.498+0000 INFO  [neo4j]: logged in
2025-11-18 16:48:36.517+0000 INFO  [neo4j]: logged in
2025-11-18 16:48:36.570+0000 INFO  [neo4j]: logged in
2025-11-18 16:49:06.625+0000 INFO  [neo4j]: logged in
2025-11-18 16:49:06.672+0000 INFO  [neo4j]: logged in
2025-11-18 16:49:06.695+0000 INFO  [neo4j]: logged in
2025-11-18 16:49:06.761+0000 INFO  [neo4j]: logged in
2025-11-18 16:49:37.785+0000 INFO  [neo4j]: logged in
2025-11-18 16:49:37.843+0000 INFO  [neo4j]: logged in
2025-11-18 16:49:37.867+0000 INFO  [neo4j]: logged in
2025-11-18 16:49:37.927+0000 INFO  [neo4j]: logged in
2025-11-18 16:50:08.901+0000 INFO  [neo4j]: logged in
2025-11-18 16:50:08.949+0000 INFO  [neo4j]: logged in
2025-11-18 16:50:08.975+0000 INFO  [neo4j]: logged in
2025-11-18 16:50:09.051+0000 INFO  [neo4j]: logged in
2025-11-18 16:50:40.006+0000 INFO  [neo4j]: logged in
2025-11-18 16:50:40.058+0000 INFO  [neo4j]: logged in
2025-11-18 16:50:40.089+0000 INFO  [neo4j]: logged in
2025-11-18 16:50:40.151+0000 INFO  [neo4j]: logged in
2025-11-18 16:51:10.326+0000 INFO  [neo4j]: logged in
2025-11-18 16:51:10.372+0000 INFO  [neo4j]: logged in
2025-11-18 16:51:10.388+0000 INFO  [neo4j]: logged in
2025-11-18 16:51:11.058+0000 INFO  [neo4j]: logged in
2025-11-18 16:51:40.487+0000 INFO  [neo4j]: logged in
2025-11-18 16:51:40.542+0000 INFO  [neo4j]: logged in
2025-11-18 16:51:40.568+0000 INFO  [neo4j]: logged in
2025-11-18 16:51:40.626+0000 INFO  [neo4j]: logged in
2025-11-18 16:52:11.547+0000 INFO  [neo4j]: logged in
2025-11-18 16:52:11.619+0000 INFO  [neo4j]: logged in
2025-11-18 16:52:11.649+0000 INFO  [neo4j]: logged in
2025-11-18 16:52:11.754+0000 INFO  [neo4j]: logged in
2025-11-18 16:52:41.837+0000 INFO  [neo4j]: logged in
2025-11-18 16:52:41.895+0000 INFO  [neo4j]: logged in
2025-11-18 16:52:41.923+0000 INFO  [neo4j]: logged in
2025-11-18 16:52:41.993+0000 INFO  [neo4j]: logged in
2025-11-18 16:53:12.034+0000 INFO  [neo4j]: logged in
2025-11-18 16:53:12.113+0000 INFO  [neo4j]: logged in
2025-11-18 16:53:12.138+0000 INFO  [neo4j]: logged in
2025-11-18 16:53:12.205+0000 INFO  [neo4j]: logged in
2025-11-18 16:53:43.186+0000 INFO  [neo4j]: logged in
2025-11-18 16:53:43.227+0000 INFO  [neo4j]: logged in
2025-11-18 16:53:43.246+0000 INFO  [neo4j]: logged in
2025-11-18 16:53:43.285+0000 INFO  [neo4j]: logged in
2025-11-18 16:53:53.808+0000 INFO  [neo4j]: logged in
2025-11-18 16:53:53.851+0000 INFO  [neo4j]: logged in
2025-11-18 16:53:54.144+0000 INFO  [neo4j]: logged in
2025-11-18 16:54:14.338+0000 INFO  [neo4j]: logged in
2025-11-18 16:54:14.378+0000 INFO  [neo4j]: logged in
2025-11-18 16:54:14.398+0000 INFO  [neo4j]: logged in
2025-11-18 16:54:14.441+0000 INFO  [neo4j]: logged in
2025-11-18 16:54:45.513+0000 INFO  [neo4j]: logged in
2025-11-18 16:54:45.550+0000 INFO  [neo4j]: logged in
2025-11-18 16:54:45.569+0000 INFO  [neo4j]: logged in
2025-11-18 16:54:45.608+0000 INFO  [neo4j]: logged in
2025-11-18 16:55:01.211+0000 INFO  [neo4j]: logged in within cluster
2025-11-18 16:55:01.212+0000 INFO  [neo4j]: logged in within cluster
2025-11-18 16:55:01.212+0000 INFO  [neo4j]: logged in within cluster
2025-11-18 16:55:01.218+0000 INFO  [neo4j]: logged in within cluster
2025-11-18 16:55:13.424+0000 INFO  [neo4j]: logged in
2025-11-18 16:55:13.424+0000 INFO  [neo4j]: logged in
2025-11-18 16:55:13.424+0000 INFO  [neo4j]: logged in
2025-11-18 16:55:13.425+0000 INFO  [neo4j]: logged in
2025-11-18 16:55:13.486+0000 INFO  [neo4j]: logged in
2025-11-18 16:55:13.492+0000 INFO  [neo4j]: logged in
2025-11-18 16:55:13.493+0000 INFO  [neo4j]: logged in
2025-11-18 16:55:13.496+0000 INFO  [neo4j]: logged in
2025-11-18 16:55:13.538+0000 INFO  [neo4j]: logged in
2025-11-18 16:55:13.560+0000 INFO  [neo4j]: logged in
2025-11-18 16:55:13.601+0000 INFO  [neo4j]: logged in
2025-11-18 16:55:13.744+0000 INFO  [neo4j]: logged in
2025-11-18 16:55:15.565+0000 INFO  [neo4j]: logged in
2025-11-18 16:55:15.603+0000 INFO  [neo4j]: logged in
2025-11-18 16:55:15.625+0000 INFO  [neo4j]: logged in
2025-11-18 16:55:15.695+0000 INFO  [neo4j]: logged in
2025-11-18 16:55:20.393+0000 INFO  [neo4j]: logged in
2025-11-18 16:55:20.417+0000 INFO  [neo4j]: logged in
2025-11-18 16:55:20.497+0000 INFO  [neo4j]: logged in
2025-11-18 16:55:45.617+0000 INFO  [neo4j]: logged in
2025-11-18 16:55:45.658+0000 INFO  [neo4j]: logged in
2025-11-18 16:55:45.675+0000 INFO  [neo4j]: logged in
2025-11-18 16:55:45.717+0000 INFO  [neo4j]: logged in
2025-11-18 16:56:17.699+0000 INFO  [neo4j]: logged in
2025-11-18 16:56:17.760+0000 INFO  [neo4j]: logged in
2025-11-18 16:56:17.784+0000 INFO  [neo4j]: logged in
2025-11-18 16:56:17.871+0000 INFO  [neo4j]: logged in
2025-11-18 16:56:48.831+0000 INFO  [neo4j]: logged in
2025-11-18 16:56:48.876+0000 INFO  [neo4j]: logged in
2025-11-18 16:56:48.892+0000 INFO  [neo4j]: logged in
2025-11-18 16:56:49.125+0000 INFO  [neo4j]: logged in
2025-11-18 16:57:20.060+0000 INFO  [neo4j]: logged in
2025-11-18 16:57:20.115+0000 INFO  [neo4j]: logged in
2025-11-18 16:57:20.140+0000 INFO  [neo4j]: logged in
2025-11-18 16:57:20.194+0000 INFO  [neo4j]: logged in
2025-11-18 16:57:51.345+0000 INFO  [neo4j]: logged in
2025-11-18 16:57:51.396+0000 INFO  [neo4j]: logged in
2025-11-18 16:57:51.415+0000 INFO  [neo4j]: logged in
2025-11-18 16:57:51.473+0000 INFO  [neo4j]: logged in
2025-11-18 16:58:22.439+0000 INFO  [neo4j]: logged in
2025-11-18 16:58:22.483+0000 INFO  [neo4j]: logged in
2025-11-18 16:58:22.508+0000 INFO  [neo4j]: logged in
2025-11-18 16:58:22.560+0000 INFO  [neo4j]: logged in
2025-11-18 16:58:54.599+0000 INFO  [neo4j]: logged in
2025-11-18 16:58:54.647+0000 INFO  [neo4j]: logged in
2025-11-18 16:58:54.671+0000 INFO  [neo4j]: logged in
2025-11-18 16:58:54.721+0000 INFO  [neo4j]: logged in
2025-11-18 16:59:09.188+0000 INFO  [neo4j]: logged in
2025-11-18 16:59:09.256+0000 INFO  [neo4j]: logged in
2025-11-18 16:59:09.343+0000 INFO  [neo4j]: logged in
2025-11-18 16:59:24.657+0000 INFO  [neo4j]: logged in
2025-11-18 16:59:24.694+0000 INFO  [neo4j]: logged in
2025-11-18 16:59:24.713+0000 INFO  [neo4j]: logged in
2025-11-18 16:59:24.758+0000 INFO  [neo4j]: logged in
2025-11-18 16:59:57.220+0000 INFO  [neo4j]: logged in
2025-11-18 16:59:57.265+0000 INFO  [neo4j]: logged in
2025-11-18 16:59:57.283+0000 INFO  [neo4j]: logged in
2025-11-18 16:59:57.333+0000 INFO  [neo4j]: logged in
2025-11-18 17:00:12.040+0000 INFO  [neo4j]: logged in
2025-11-18 17:00:12.091+0000 INFO  [neo4j]: logged in
2025-11-18 17:00:12.182+0000 INFO  [neo4j]: logged in
2025-11-18 17:00:27.830+0000 INFO  [neo4j]: logged in
2025-11-18 17:00:27.889+0000 INFO  [neo4j]: logged in
2025-11-18 17:00:27.910+0000 INFO  [neo4j]: logged in
2025-11-18 17:00:27.964+0000 INFO  [neo4j]: logged in
2025-11-18 17:00:37.994+0000 INFO  [neo4j]: logged in within cluster
2025-11-18 17:00:58.028+0000 INFO  [neo4j]: logged in
2025-11-18 17:00:58.064+0000 INFO  [neo4j]: logged in
2025-11-18 17:00:58.084+0000 INFO  [neo4j]: logged in
2025-11-18 17:00:58.122+0000 INFO  [neo4j]: logged in
2025-11-18 17:01:29.158+0000 INFO  [neo4j]: logged in
2025-11-18 17:01:29.214+0000 INFO  [neo4j]: logged in
2025-11-18 17:01:29.239+0000 INFO  [neo4j]: logged in
2025-11-18 17:01:29.296+0000 INFO  [neo4j]: logged in
2025-11-18 17:02:01.321+0000 INFO  [neo4j]: logged in
2025-11-18 17:02:01.387+0000 INFO  [neo4j]: logged in
2025-11-18 17:02:01.418+0000 INFO  [neo4j]: logged in
2025-11-18 17:02:01.467+0000 INFO  [neo4j]: logged in
2025-11-18 17:02:34.550+0000 INFO  [neo4j]: logged in
2025-11-18 17:02:34.618+0000 INFO  [neo4j]: logged in
2025-11-18 17:02:34.652+0000 INFO  [neo4j]: logged in
2025-11-18 17:02:34.722+0000 INFO  [neo4j]: logged in
2025-11-18 17:03:07.386+0000 INFO  [neo4j]: logged in
2025-11-18 17:03:07.415+0000 INFO  [neo4j]: logged in
2025-11-18 17:03:07.430+0000 INFO  [neo4j]: logged in
2025-11-18 17:03:07.469+0000 INFO  [neo4j]: logged in
2025-11-18 17:03:39.773+0000 INFO  [neo4j]: logged in
2025-11-18 17:03:39.802+0000 INFO  [neo4j]: logged in
2025-11-18 17:03:39.817+0000 INFO  [neo4j]: logged in
2025-11-18 17:03:39.852+0000 INFO  [neo4j]: logged in
2025-11-18 17:04:11.969+0000 INFO  [neo4j]: logged in
2025-11-18 17:04:12.009+0000 INFO  [neo4j]: logged in
2025-11-18 17:04:12.072+0000 INFO  [neo4j]: logged in
2025-11-18 17:04:12.137+0000 INFO  [neo4j]: logged in
2025-11-18 17:04:43.211+0000 INFO  [neo4j]: logged in
2025-11-18 17:04:43.243+0000 INFO  [neo4j]: logged in
2025-11-18 17:04:43.259+0000 INFO  [neo4j]: logged in
2025-11-18 17:04:43.293+0000 INFO  [neo4j]: logged in
2025-11-18 17:05:14.516+0000 INFO  [neo4j]: logged in
2025-11-18 17:05:14.560+0000 INFO  [neo4j]: logged in
2025-11-18 17:05:14.583+0000 INFO  [neo4j]: logged in
2025-11-18 17:05:14.635+0000 INFO  [neo4j]: logged in
2025-11-18 17:05:46.785+0000 INFO  [neo4j]: logged in
2025-11-18 17:05:46.834+0000 INFO  [neo4j]: logged in
2025-11-18 17:05:46.857+0000 INFO  [neo4j]: logged in
2025-11-18 17:05:46.907+0000 INFO  [neo4j]: logged in
2025-11-18 17:06:17.946+0000 INFO  [neo4j]: logged in
2025-11-18 17:06:17.974+0000 INFO  [neo4j]: logged in
2025-11-18 17:06:17.989+0000 INFO  [neo4j]: logged in
2025-11-18 17:06:18.021+0000 INFO  [neo4j]: logged in
2025-11-18 17:06:50.292+0000 INFO  [neo4j]: logged in
2025-11-18 17:06:50.334+0000 INFO  [neo4j]: logged in
2025-11-18 17:06:50.349+0000 INFO  [neo4j]: logged in
2025-11-18 17:06:50.388+0000 INFO  [neo4j]: logged in
2025-11-18 17:06:59.280+0000 INFO  [neo4j]: logged in within cluster
2025-11-18 17:07:21.521+0000 INFO  [neo4j]: logged in
2025-11-18 17:07:51.788+0000 INFO  [neo4j]: logged in
2025-11-18 17:07:51.844+0000 INFO  [neo4j]: logged in
2025-11-18 17:07:51.862+0000 INFO  [neo4j]: logged in
2025-11-18 17:07:51.894+0000 INFO  [neo4j]: logged in
2025-11-18 17:08:23.171+0000 INFO  [neo4j]: logged in
2025-11-18 17:10:41.076+0000 INFO  [neo4j]: logged in within cluster
2025-11-18 17:11:27.651+0000 INFO  [neo4j]: logged in
2025-11-18 17:11:27.764+0000 INFO  [neo4j]: logged in
2025-11-18 17:11:28.001+0000 INFO  [neo4j]: logged in
2025-11-18 17:11:28.073+0000 INFO  [neo4j]: logged in
2025-11-18 17:11:28.143+0000 INFO  [neo4j]: logged in
2025-11-18 17:11:28.293+0000 INFO  [neo4j]: logged in
2025-11-18 17:11:28.431+0000 INFO  [neo4j]: logged in
2025-11-18 17:11:28.431+0000 INFO  [neo4j]: logged in
2025-11-18 17:11:28.431+0000 INFO  [neo4j]: logged in
2025-11-18 17:11:28.431+0000 INFO  [neo4j]: logged in
2025-11-18 17:11:28.431+0000 INFO  [neo4j]: logged in
2025-11-18 17:11:28.432+0000 INFO  [neo4j]: logged in
2025-11-18 17:11:28.448+0000 INFO  [neo4j]: logged in
2025-11-18 17:11:28.460+0000 INFO  [neo4j]: logged in
2025-11-18 17:11:28.461+0000 INFO  [neo4j]: logged in
2025-11-18 17:11:28.463+0000 INFO  [neo4j]: logged in
2025-11-18 17:11:28.467+0000 INFO  [neo4j]: logged in
2025-11-18 17:11:28.474+0000 INFO  [neo4j]: logged in
2025-11-18 17:11:28.461+0000 INFO  [neo4j]: logged in
2025-11-18 17:11:28.478+0000 INFO  [neo4j]: logged in
2025-11-18 17:11:28.481+0000 INFO  [neo4j]: logged in
2025-11-18 17:11:28.507+0000 INFO  [neo4j]: logged in
2025-11-18 17:11:28.519+0000 INFO  [neo4j]: logged in
2025-11-18 17:11:28.536+0000 INFO  [neo4j]: logged in
2025-11-18 17:11:28.539+0000 INFO  [neo4j]: logged in
2025-11-18 17:11:28.539+0000 INFO  [neo4j]: logged in
2025-11-18 17:11:28.575+0000 INFO  [neo4j]: logged in
2025-11-18 17:11:28.839+0000 INFO  [neo4j]: logged in
2025-11-18 17:11:29.557+0000 INFO  [neo4j]: logged in
2025-11-18 17:11:29.590+0000 INFO  [neo4j]: logged in
2025-11-18 17:11:29.608+0000 INFO  [neo4j]: logged in
2025-11-18 17:11:29.628+0000 INFO  [neo4j]: logged in
2025-11-18 17:11:30.384+0000 INFO  [neo4j]: logged in
2025-11-18 17:11:30.394+0000 INFO  [neo4j]: logged in
2025-11-18 17:11:30.560+0000 INFO  [neo4j]: logged in
2025-11-18 17:11:30.569+0000 INFO  [neo4j]: logged in
2025-11-18 17:11:30.641+0000 INFO  [neo4j]: logged in
2025-11-18 17:11:30.643+0000 INFO  [neo4j]: logged in
2025-11-18 17:11:30.647+0000 INFO  [neo4j]: logged in
2025-11-18 17:11:30.647+0000 INFO  [neo4j]: logged in
2025-11-18 17:11:30.797+0000 INFO  [neo4j]: logged in
2025-11-18 17:11:30.797+0000 INFO  [neo4j]: logged in
2025-11-18 17:11:30.803+0000 INFO  [neo4j]: logged in
2025-11-18 17:11:30.803+0000 INFO  [neo4j]: logged in
2025-11-18 17:11:30.950+0000 INFO  [neo4j]: logged in
2025-11-18 17:11:30.953+0000 INFO  [neo4j]: logged in
2025-11-18 17:11:30.995+0000 INFO  [neo4j]: logged in
2025-11-18 17:11:30.997+0000 INFO  [neo4j]: logged in
2025-11-18 17:11:31.015+0000 INFO  [neo4j]: logged in
2025-11-18 17:11:31.041+0000 INFO  [neo4j]: logged in
2025-11-18 17:11:52.345+0000 INFO  [neo4j]: logged in within cluster
2025-11-18 17:11:52.675+0000 INFO  [neo4j]: logged in within cluster
2025-11-18 17:11:52.688+0000 INFO  [neo4j]: logged in within cluster
2025-11-18 17:11:52.692+0000 INFO  [neo4j]: logged in within cluster
2025-11-18 17:11:58.911+0000 INFO  [neo4j]: logged in
2025-11-18 17:11:58.966+0000 INFO  [neo4j]: logged in
2025-11-18 17:11:58.993+0000 INFO  [neo4j]: logged in
2025-11-18 17:11:59.058+0000 INFO  [neo4j]: logged in
2025-11-18 17:12:12.926+0000 INFO  [neo4j]: logged in
2025-11-18 17:12:12.927+0000 INFO  [neo4j]: logged in
2025-11-18 17:12:12.928+0000 INFO  [neo4j]: logged in
2025-11-18 17:12:12.929+0000 INFO  [neo4j]: logged in
2025-11-18 17:12:12.960+0000 INFO  [neo4j]: logged in
2025-11-18 17:12:12.964+0000 INFO  [neo4j]: logged in
2025-11-18 17:12:12.967+0000 INFO  [neo4j]: logged in
2025-11-18 17:12:12.967+0000 INFO  [neo4j]: logged in
2025-11-18 17:12:13.006+0000 INFO  [neo4j]: logged in
2025-11-18 17:12:13.091+0000 INFO  [neo4j]: logged in
2025-11-18 17:12:13.592+0000 INFO  [neo4j]: logged in
2025-11-18 17:12:13.786+0000 INFO  [neo4j]: logged in
2025-11-18 17:12:29.515+0000 INFO  [neo4j]: logged in
2025-11-18 17:12:29.572+0000 INFO  [neo4j]: logged in
2025-11-18 17:12:29.601+0000 INFO  [neo4j]: logged in
2025-11-18 17:12:29.668+0000 INFO  [neo4j]: logged in
2025-11-18 17:13:17.362+0000 INFO  [neo4j]: logged in within cluster
2025-11-18 17:13:17.930+0000 INFO  [neo4j]: logged in within cluster
2025-11-18 17:13:17.943+0000 INFO  [neo4j]: logged in within cluster
2025-11-18 17:13:17.952+0000 INFO  [neo4j]: logged in within cluster
2025-11-18 17:25:43.638+0000 INFO  [neo4j]: logged in within cluster
2025-11-18 17:26:18.667+0000 INFO  [neo4j]: logged in within cluster
2025-11-18 17:26:27.203+0000 INFO  [neo4j]: logged in within cluster
2025-11-18 17:27:07.563+0000 INFO  [neo4j]: logged in
2025-11-18 17:27:07.952+0000 INFO  [neo4j]: logged in
2025-11-18 17:27:07.955+0000 INFO  [neo4j]: logged in
2025-11-18 17:27:07.964+0000 INFO  [neo4j]: logged in
2025-11-18 17:27:07.967+0000 INFO  [neo4j]: logged in
2025-11-18 17:27:08.024+0000 INFO  [neo4j]: logged in
2025-11-18 17:27:08.032+0000 INFO  [neo4j]: logged in
2025-11-18 17:27:08.142+0000 INFO  [neo4j]: logged in
