2025-11-18 15:26:34.619+0000 INFO  [neo4j]: logged in within cluster
2025-11-18 15:26:34.975+0000 INFO  [neo4j]: logged in within cluster
2025-11-18 15:26:34.986+0000 INFO  [neo4j]: logged in within cluster
2025-11-18 15:27:06.821+0000 INFO  [neo4j]: logged in
2025-11-18 15:27:06.848+0000 INFO  [neo4j]: logged in
2025-11-18 15:27:06.870+0000 INFO  [neo4j]: logged in
2025-11-18 15:27:06.893+0000 INFO  [neo4j]: logged in
2025-11-18 15:27:06.907+0000 INFO  [neo4j]: logged in
2025-11-18 15:27:06.957+0000 INFO  [neo4j]: logged in
2025-11-18 15:27:07.006+0000 INFO  [neo4j]: logged in
2025-11-18 15:27:07.006+0000 INFO  [neo4j]: logged in
2025-11-18 15:27:07.006+0000 INFO  [neo4j]: logged in
2025-11-18 15:27:07.006+0000 INFO  [neo4j]: logged in
2025-11-18 15:27:07.007+0000 INFO  [neo4j]: logged in
2025-11-18 15:27:07.007+0000 INFO  [neo4j]: logged in
2025-11-18 15:27:07.011+0000 INFO  [neo4j]: logged in
2025-11-18 15:27:07.013+0000 INFO  [neo4j]: logged in
2025-11-18 15:27:07.013+0000 INFO  [neo4j]: logged in
2025-11-18 15:27:07.014+0000 INFO  [neo4j]: logged in
2025-11-18 15:27:07.014+0000 INFO  [neo4j]: logged in
2025-11-18 15:27:07.014+0000 INFO  [neo4j]: logged in
2025-11-18 15:27:07.018+0000 INFO  [neo4j]: logged in
2025-11-18 15:27:07.018+0000 INFO  [neo4j]: logged in
2025-11-18 15:27:07.019+0000 INFO  [neo4j]: logged in
2025-11-18 15:27:07.020+0000 INFO  [neo4j]: logged in
2025-11-18 15:27:07.024+0000 INFO  [neo4j]: logged in
2025-11-18 15:27:07.025+0000 INFO  [neo4j]: logged in
2025-11-18 15:27:07.034+0000 INFO  [neo4j]: logged in
2025-11-18 15:27:07.045+0000 INFO  [neo4j]: logged in
2025-11-18 15:27:07.063+0000 INFO  [neo4j]: logged in
2025-11-18 15:27:07.073+0000 INFO  [neo4j]: logged in
2025-11-18 15:27:07.082+0000 INFO  [neo4j]: logged in
2025-11-18 15:27:07.095+0000 INFO  [neo4j]: logged in
2025-11-18 15:27:07.108+0000 INFO  [neo4j]: logged in
2025-11-18 15:27:07.119+0000 INFO  [neo4j]: logged in
2025-11-18 15:27:07.132+0000 INFO  [neo4j]: logged in
2025-11-18 15:27:07.149+0000 INFO  [neo4j]: logged in
2025-11-18 15:27:07.165+0000 INFO  [neo4j]: logged in
2025-11-18 15:27:07.175+0000 INFO  [neo4j]: logged in
2025-11-18 15:27:07.186+0000 INFO  [neo4j]: logged in
2025-11-18 15:27:07.192+0000 INFO  [neo4j]: logged in
2025-11-18 15:27:07.195+0000 INFO  [neo4j]: logged in
2025-11-18 15:27:07.202+0000 INFO  [neo4j]: logged in
2025-11-18 15:27:07.207+0000 INFO  [neo4j]: logged in
2025-11-18 15:27:07.219+0000 INFO  [neo4j]: logged in
2025-11-18 15:27:07.232+0000 INFO  [neo4j]: logged in
2025-11-18 15:27:07.245+0000 INFO  [neo4j]: logged in
2025-11-18 15:27:07.257+0000 INFO  [neo4j]: logged in
2025-11-18 15:27:07.272+0000 INFO  [neo4j]: logged in
2025-11-18 15:27:07.277+0000 INFO  [neo4j]: logged in
2025-11-18 15:27:07.278+0000 INFO  [neo4j]: logged in
2025-11-18 15:27:07.279+0000 INFO  [neo4j]: logged in
2025-11-18 15:27:07.284+0000 INFO  [neo4j]: logged in
2025-11-18 15:27:07.289+0000 INFO  [neo4j]: logged in
2025-11-18 15:27:37.607+0000 INFO  [neo4j]: logged in
2025-11-18 15:27:37.628+0000 INFO  [neo4j]: logged in
2025-11-18 15:27:37.634+0000 INFO  [neo4j]: logged in
2025-11-18 15:27:37.870+0000 INFO  [neo4j]: logged in
2025-11-18 15:28:07.887+0000 INFO  [neo4j]: logged in
2025-11-18 15:28:07.905+0000 INFO  [neo4j]: logged in
2025-11-18 15:28:07.913+0000 INFO  [neo4j]: logged in
2025-11-18 15:28:07.934+0000 INFO  [neo4j]: logged in
2025-11-18 15:28:37.908+0000 INFO  [neo4j]: logged in
2025-11-18 15:28:37.922+0000 INFO  [neo4j]: logged in
2025-11-18 15:28:37.931+0000 INFO  [neo4j]: logged in
2025-11-18 15:28:37.948+0000 INFO  [neo4j]: logged in
2025-11-18 15:28:39.384+0000 INFO  [neo4j]: logged in
2025-11-18 15:28:39.392+0000 INFO  [neo4j]: logged in
2025-11-18 15:29:08.462+0000 INFO  [neo4j]: logged in
2025-11-18 15:29:08.475+0000 INFO  [neo4j]: logged in
2025-11-18 15:29:08.481+0000 INFO  [neo4j]: logged in
2025-11-18 15:29:08.500+0000 INFO  [neo4j]: logged in
2025-11-18 15:29:38.802+0000 INFO  [neo4j]: logged in
2025-11-18 15:29:38.815+0000 INFO  [neo4j]: logged in
2025-11-18 15:29:38.820+0000 INFO  [neo4j]: logged in
2025-11-18 15:29:38.838+0000 INFO  [neo4j]: logged in
2025-11-18 15:30:08.991+0000 INFO  [neo4j]: logged in
2025-11-18 15:30:09.006+0000 INFO  [neo4j]: logged in
2025-11-18 15:30:09.011+0000 INFO  [neo4j]: logged in
2025-11-18 15:30:09.029+0000 INFO  [neo4j]: logged in
2025-11-18 15:30:39.059+0000 INFO  [neo4j]: logged in
2025-11-18 15:30:39.071+0000 INFO  [neo4j]: logged in
2025-11-18 15:30:39.076+0000 INFO  [neo4j]: logged in
2025-11-18 15:30:39.091+0000 INFO  [neo4j]: logged in
2025-11-18 15:31:09.278+0000 INFO  [neo4j]: logged in
2025-11-18 15:31:09.292+0000 INFO  [neo4j]: logged in
2025-11-18 15:31:09.297+0000 INFO  [neo4j]: logged in
2025-11-18 15:31:09.314+0000 INFO  [neo4j]: logged in
2025-11-18 15:31:40.285+0000 INFO  [neo4j]: logged in
2025-11-18 15:31:40.297+0000 INFO  [neo4j]: logged in
2025-11-18 15:31:40.302+0000 INFO  [neo4j]: logged in
2025-11-18 15:31:40.316+0000 INFO  [neo4j]: logged in
2025-11-18 15:32:10.370+0000 INFO  [neo4j]: logged in
2025-11-18 15:32:10.383+0000 INFO  [neo4j]: logged in
2025-11-18 15:32:10.388+0000 INFO  [neo4j]: logged in
2025-11-18 15:32:10.401+0000 INFO  [neo4j]: logged in
2025-11-18 15:32:40.420+0000 INFO  [neo4j]: logged in
2025-11-18 15:32:40.433+0000 INFO  [neo4j]: logged in
2025-11-18 15:32:40.438+0000 INFO  [neo4j]: logged in
2025-11-18 15:32:40.453+0000 INFO  [neo4j]: logged in
2025-11-18 15:33:10.559+0000 INFO  [neo4j]: logged in
2025-11-18 15:33:10.571+0000 INFO  [neo4j]: logged in
2025-11-18 15:33:10.575+0000 INFO  [neo4j]: logged in
2025-11-18 15:33:10.588+0000 INFO  [neo4j]: logged in
2025-11-18 15:33:40.654+0000 INFO  [neo4j]: logged in
2025-11-18 15:33:40.665+0000 INFO  [neo4j]: logged in
2025-11-18 15:33:40.669+0000 INFO  [neo4j]: logged in
2025-11-18 15:33:40.683+0000 INFO  [neo4j]: logged in
2025-11-18 15:34:10.771+0000 INFO  [neo4j]: logged in
2025-11-18 15:34:10.785+0000 INFO  [neo4j]: logged in
2025-11-18 15:34:10.791+0000 INFO  [neo4j]: logged in
2025-11-18 15:34:10.807+0000 INFO  [neo4j]: logged in
2025-11-18 15:34:40.866+0000 INFO  [neo4j]: logged in
2025-11-18 15:34:40.882+0000 INFO  [neo4j]: logged in
2025-11-18 15:34:40.887+0000 INFO  [neo4j]: logged in
2025-11-18 15:34:40.901+0000 INFO  [neo4j]: logged in
2025-11-18 15:35:10.922+0000 INFO  [neo4j]: logged in
2025-11-18 15:35:10.936+0000 INFO  [neo4j]: logged in
2025-11-18 15:35:10.941+0000 INFO  [neo4j]: logged in
2025-11-18 15:35:10.956+0000 INFO  [neo4j]: logged in
2025-11-18 15:35:40.999+0000 INFO  [neo4j]: logged in
2025-11-18 15:35:41.011+0000 INFO  [neo4j]: logged in
2025-11-18 15:35:41.016+0000 INFO  [neo4j]: logged in
2025-11-18 15:35:41.029+0000 INFO  [neo4j]: logged in
2025-11-18 15:36:11.047+0000 INFO  [neo4j]: logged in
2025-11-18 15:36:11.058+0000 INFO  [neo4j]: logged in
2025-11-18 15:36:11.063+0000 INFO  [neo4j]: logged in
2025-11-18 15:36:11.075+0000 INFO  [neo4j]: logged in
2025-11-18 15:36:41.110+0000 INFO  [neo4j]: logged in
2025-11-18 15:36:41.120+0000 INFO  [neo4j]: logged in
2025-11-18 15:36:41.125+0000 INFO  [neo4j]: logged in
2025-11-18 15:36:41.137+0000 INFO  [neo4j]: logged in
2025-11-18 15:37:11.187+0000 INFO  [neo4j]: logged in
2025-11-18 15:37:11.198+0000 INFO  [neo4j]: logged in
2025-11-18 15:37:11.203+0000 INFO  [neo4j]: logged in
2025-11-18 15:37:11.216+0000 INFO  [neo4j]: logged in
2025-11-18 15:37:41.234+0000 INFO  [neo4j]: logged in
2025-11-18 15:37:41.247+0000 INFO  [neo4j]: logged in
2025-11-18 15:37:41.252+0000 INFO  [neo4j]: logged in
2025-11-18 15:37:41.264+0000 INFO  [neo4j]: logged in
2025-11-18 15:38:11.343+0000 INFO  [neo4j]: logged in
2025-11-18 15:38:11.356+0000 INFO  [neo4j]: logged in
2025-11-18 15:38:11.361+0000 INFO  [neo4j]: logged in
2025-11-18 15:38:11.373+0000 INFO  [neo4j]: logged in
2025-11-18 15:38:41.781+0000 INFO  [neo4j]: logged in
2025-11-18 15:38:41.792+0000 INFO  [neo4j]: logged in
2025-11-18 15:38:41.796+0000 INFO  [neo4j]: logged in
2025-11-18 15:38:41.808+0000 INFO  [neo4j]: logged in
2025-11-18 15:39:12.270+0000 INFO  [neo4j]: logged in
2025-11-18 15:39:12.281+0000 INFO  [neo4j]: logged in
2025-11-18 15:39:12.286+0000 INFO  [neo4j]: logged in
2025-11-18 15:39:12.297+0000 INFO  [neo4j]: logged in
2025-11-18 16:45:02.134+0000 ERROR [neo4j]: failed to log in: invalid principal or credentials
2025-11-18 16:45:07.515+0000 ERROR [neo4j]: failed to log in: invalid principal or credentials
2025-11-18 16:45:17.986+0000 INFO  [neo4j]: logged in
2025-11-18 16:45:18.136+0000 INFO  [neo4j]: logged in
2025-11-18 16:45:18.530+0000 INFO  [neo4j]: logged in
2025-11-18 16:45:18.651+0000 INFO  [neo4j]: logged in
2025-11-18 16:45:18.760+0000 INFO  [neo4j]: logged in
2025-11-18 16:45:18.861+0000 INFO  [neo4j]: logged in
2025-11-18 16:45:19.060+0000 INFO  [neo4j]: logged in
2025-11-18 16:45:19.060+0000 INFO  [neo4j]: logged in
2025-11-18 16:45:19.060+0000 INFO  [neo4j]: logged in
2025-11-18 16:45:19.061+0000 INFO  [neo4j]: logged in
2025-11-18 16:45:19.062+0000 INFO  [neo4j]: logged in
2025-11-18 16:45:19.065+0000 INFO  [neo4j]: logged in
2025-11-18 16:45:19.091+0000 INFO  [neo4j]: logged in
2025-11-18 16:45:19.093+0000 INFO  [neo4j]: logged in
2025-11-18 16:45:19.098+0000 INFO  [neo4j]: logged in
2025-11-18 16:45:19.100+0000 INFO  [neo4j]: logged in
2025-11-18 16:45:19.101+0000 INFO  [neo4j]: logged in
2025-11-18 16:45:19.104+0000 INFO  [neo4j]: logged in
2025-11-18 16:45:19.125+0000 INFO  [neo4j]: logged in
2025-11-18 16:45:19.132+0000 INFO  [neo4j]: logged in
2025-11-18 16:45:19.160+0000 INFO  [neo4j]: logged in
2025-11-18 16:45:19.171+0000 INFO  [neo4j]: logged in
2025-11-18 16:45:19.189+0000 INFO  [neo4j]: logged in
2025-11-18 16:45:19.195+0000 INFO  [neo4j]: logged in
2025-11-18 16:45:19.218+0000 INFO  [neo4j]: logged in
2025-11-18 16:45:19.224+0000 INFO  [neo4j]: logged in
2025-11-18 16:45:19.327+0000 INFO  [neo4j]: logged in
2025-11-18 16:45:19.354+0000 INFO  [neo4j]: logged in
2025-11-18 16:45:19.545+0000 INFO  [neo4j]: logged in
2025-11-18 16:45:19.675+0000 INFO  [neo4j]: logged in
2025-11-18 16:45:19.694+0000 INFO  [neo4j]: logged in
2025-11-18 16:45:19.887+0000 INFO  [neo4j]: logged in
2025-11-18 16:45:19.904+0000 INFO  [neo4j]: logged in
2025-11-18 16:45:19.931+0000 INFO  [neo4j]: logged in
2025-11-18 16:45:19.940+0000 INFO  [neo4j]: logged in
2025-11-18 16:45:20.075+0000 INFO  [neo4j]: logged in
2025-11-18 16:45:20.076+0000 INFO  [neo4j]: logged in
2025-11-18 16:45:20.080+0000 INFO  [neo4j]: logged in
2025-11-18 16:45:20.088+0000 INFO  [neo4j]: logged in
2025-11-18 16:45:20.148+0000 INFO  [neo4j]: logged in
2025-11-18 16:45:20.191+0000 INFO  [neo4j]: logged in
2025-11-18 16:45:20.192+0000 INFO  [neo4j]: logged in
2025-11-18 16:45:20.223+0000 INFO  [neo4j]: logged in
2025-11-18 16:45:20.230+0000 INFO  [neo4j]: logged in
2025-11-18 16:45:20.357+0000 INFO  [neo4j]: logged in
2025-11-18 16:45:20.439+0000 INFO  [neo4j]: logged in
2025-11-18 16:45:20.455+0000 INFO  [neo4j]: logged in
2025-11-18 16:45:20.529+0000 INFO  [neo4j]: logged in
2025-11-18 16:45:20.805+0000 INFO  [neo4j]: logged in
2025-11-18 16:45:20.829+0000 INFO  [neo4j]: logged in
2025-11-18 16:45:37.260+0000 INFO  [neo4j]: logged in within cluster
2025-11-18 16:45:49.679+0000 INFO  [neo4j]: logged in
2025-11-18 16:45:49.774+0000 INFO  [neo4j]: logged in
2025-11-18 16:45:49.807+0000 INFO  [neo4j]: logged in
2025-11-18 16:45:49.931+0000 INFO  [neo4j]: logged in
2025-11-18 16:46:20.101+0000 INFO  [neo4j]: logged in
2025-11-18 16:46:20.166+0000 INFO  [neo4j]: logged in
2025-11-18 16:46:20.194+0000 INFO  [neo4j]: logged in
2025-11-18 16:46:20.289+0000 INFO  [neo4j]: logged in
2025-11-18 16:46:50.222+0000 INFO  [neo4j]: logged in
2025-11-18 16:46:50.299+0000 INFO  [neo4j]: logged in
2025-11-18 16:46:50.330+0000 INFO  [neo4j]: logged in
2025-11-18 16:46:50.476+0000 INFO  [neo4j]: logged in
2025-11-18 16:47:20.327+0000 INFO  [neo4j]: logged in
2025-11-18 16:47:20.423+0000 INFO  [neo4j]: logged in
2025-11-18 16:47:20.465+0000 INFO  [neo4j]: logged in
2025-11-18 16:47:20.571+0000 INFO  [neo4j]: logged in
2025-11-18 16:47:50.437+0000 INFO  [neo4j]: logged in
2025-11-18 16:47:50.505+0000 INFO  [neo4j]: logged in
2025-11-18 16:47:50.536+0000 INFO  [neo4j]: logged in
2025-11-18 16:47:50.609+0000 INFO  [neo4j]: logged in
2025-11-18 16:48:20.519+0000 INFO  [neo4j]: logged in
2025-11-18 16:48:20.577+0000 INFO  [neo4j]: logged in
2025-11-18 16:48:20.605+0000 INFO  [neo4j]: logged in
2025-11-18 16:48:20.672+0000 INFO  [neo4j]: logged in
2025-11-18 16:48:50.600+0000 INFO  [neo4j]: logged in
2025-11-18 16:48:50.680+0000 INFO  [neo4j]: logged in
2025-11-18 16:48:50.715+0000 INFO  [neo4j]: logged in
2025-11-18 16:48:50.784+0000 INFO  [neo4j]: logged in
2025-11-18 16:49:22.848+0000 INFO  [neo4j]: logged in
2025-11-18 16:49:22.947+0000 INFO  [neo4j]: logged in
2025-11-18 16:49:22.984+0000 INFO  [neo4j]: logged in
2025-11-18 16:49:23.117+0000 INFO  [neo4j]: logged in
2025-11-18 16:49:53.849+0000 INFO  [neo4j]: logged in
2025-11-18 16:49:53.922+0000 INFO  [neo4j]: logged in
2025-11-18 16:49:53.954+0000 INFO  [neo4j]: logged in
2025-11-18 16:49:54.034+0000 INFO  [neo4j]: logged in
2025-11-18 16:50:23.932+0000 INFO  [neo4j]: logged in
2025-11-18 16:50:24.007+0000 INFO  [neo4j]: logged in
2025-11-18 16:50:24.039+0000 INFO  [neo4j]: logged in
2025-11-18 16:50:24.102+0000 INFO  [neo4j]: logged in
2025-11-18 16:50:40.166+0000 INFO  [neo4j]: logged in within cluster
2025-11-18 16:50:41.774+0000 INFO  [neo4j]: STOP DATABASE redesocial
2025-11-18 16:50:54.111+0000 INFO  [neo4j]: logged in
2025-11-18 16:50:54.235+0000 INFO  [neo4j]: logged in
2025-11-18 16:50:54.270+0000 INFO  [neo4j]: logged in
2025-11-18 16:50:54.354+0000 INFO  [neo4j]: logged in
2025-11-18 16:51:08.426+0000 INFO  [neo4j]: DROP DATABASE redesocial RESTRICT DESTROY DATA
2025-11-18 16:51:18.799+0000 INFO  [neo4j]: STOP DATABASE foo
2025-11-18 16:51:22.303+0000 INFO  [neo4j]: DROP DATABASE foo RESTRICT DESTROY DATA
2025-11-18 16:51:24.256+0000 INFO  [neo4j]: logged in
2025-11-18 16:51:24.334+0000 INFO  [neo4j]: logged in
2025-11-18 16:51:24.368+0000 INFO  [neo4j]: logged in
2025-11-18 16:51:24.428+0000 INFO  [neo4j]: logged in
2025-11-18 16:51:54.353+0000 INFO  [neo4j]: logged in
2025-11-18 16:51:54.431+0000 INFO  [neo4j]: logged in
2025-11-18 16:51:54.462+0000 INFO  [neo4j]: logged in
2025-11-18 16:51:54.526+0000 INFO  [neo4j]: logged in
2025-11-18 16:52:07.294+0000 INFO  [neo4j]: STOP DATABASE neo4j
2025-11-18 16:52:24.535+0000 INFO  [neo4j]: logged in
2025-11-18 16:52:24.661+0000 INFO  [neo4j]: logged in
2025-11-18 16:52:24.699+0000 INFO  [neo4j]: logged in
2025-11-18 16:52:24.767+0000 INFO  [neo4j]: logged in
2025-11-18 16:52:44.431+0000 INFO  [neo4j]: START DATABASE neo4j
2025-11-18 16:52:54.676+0000 INFO  [neo4j]: logged in
2025-11-18 16:52:54.761+0000 INFO  [neo4j]: logged in
2025-11-18 16:52:54.801+0000 INFO  [neo4j]: logged in
2025-11-18 16:52:54.862+0000 INFO  [neo4j]: logged in
2025-11-18 16:53:00.161+0000 INFO  [neo4j]: START DATABASE neo4j
2025-11-18 16:53:24.778+0000 INFO  [neo4j]: logged in
2025-11-18 16:53:24.848+0000 INFO  [neo4j]: logged in
2025-11-18 16:53:24.877+0000 INFO  [neo4j]: logged in
2025-11-18 16:53:24.933+0000 INFO  [neo4j]: logged in
2025-11-18 16:53:53.894+0000 INFO  [neo4j]: logged in within cluster
2025-11-18 16:53:54.859+0000 INFO  [neo4j]: logged in
2025-11-18 16:53:54.917+0000 INFO  [neo4j]: logged in
2025-11-18 16:53:54.942+0000 INFO  [neo4j]: logged in
2025-11-18 16:53:54.983+0000 INFO  [neo4j]: logged in
2025-11-18 16:54:20.363+0000 INFO  [neo4j]: logged in within cluster
2025-11-18 16:54:24.933+0000 INFO  [neo4j]: logged in
2025-11-18 16:54:24.989+0000 INFO  [neo4j]: logged in
2025-11-18 16:54:25.015+0000 INFO  [neo4j]: logged in
2025-11-18 16:54:25.069+0000 INFO  [neo4j]: logged in
2025-11-18 16:54:54.999+0000 INFO  [neo4j]: logged in
2025-11-18 16:54:55.095+0000 INFO  [neo4j]: logged in
2025-11-18 16:54:55.142+0000 INFO  [neo4j]: logged in
2025-11-18 16:54:55.191+0000 INFO  [neo4j]: logged in
2025-11-18 16:54:56.618+0000 INFO  [neo4j]: CREATE DATABASE redesocial TOPOLOGY 3 PRIMARIES
2025-11-18 16:55:20.445+0000 INFO  [neo4j]: logged in within cluster
2025-11-18 16:55:25.087+0000 INFO  [neo4j]: logged in
2025-11-18 16:55:25.148+0000 INFO  [neo4j]: logged in
2025-11-18 16:55:25.176+0000 INFO  [neo4j]: logged in
2025-11-18 16:55:25.225+0000 INFO  [neo4j]: logged in
2025-11-18 16:55:55.161+0000 INFO  [neo4j]: logged in
2025-11-18 16:55:55.220+0000 INFO  [neo4j]: logged in
2025-11-18 16:55:55.255+0000 INFO  [neo4j]: logged in
2025-11-18 16:55:55.329+0000 INFO  [neo4j]: logged in
2025-11-18 16:56:20.342+0000 INFO  [neo4j]: STOP DATABASE redesocial
2025-11-18 16:56:24.658+0000 INFO  [neo4j]: STOP DATABASE redesocial
2025-11-18 16:56:25.231+0000 INFO  [neo4j]: logged in
2025-11-18 16:56:25.280+0000 INFO  [neo4j]: logged in
2025-11-18 16:56:25.313+0000 INFO  [neo4j]: logged in
2025-11-18 16:56:25.357+0000 INFO  [neo4j]: logged in
2025-11-18 16:56:34.562+0000 INFO  [neo4j]: DROP DATABASE redesocial IF EXISTS RESTRICT DESTROY DATA
2025-11-18 16:56:55.290+0000 INFO  [neo4j]: logged in
2025-11-18 16:56:55.351+0000 INFO  [neo4j]: logged in
2025-11-18 16:56:55.378+0000 INFO  [neo4j]: logged in
2025-11-18 16:56:55.424+0000 INFO  [neo4j]: logged in
2025-11-18 16:57:09.224+0000 INFO  [neo4j]: logged in within cluster
2025-11-18 16:57:25.392+0000 INFO  [neo4j]: logged in
2025-11-18 16:57:25.451+0000 INFO  [neo4j]: logged in
2025-11-18 16:57:25.475+0000 INFO  [neo4j]: logged in
2025-11-18 16:57:25.529+0000 INFO  [neo4j]: logged in
2025-11-18 16:57:31.599+0000 INFO  [neo4j]: CREATE DATABASE redesocial TOPOLOGY 3 PRIMARIES 1 SECONDARY
2025-11-18 16:57:55.471+0000 INFO  [neo4j]: logged in
2025-11-18 16:57:55.532+0000 INFO  [neo4j]: logged in
2025-11-18 16:57:55.555+0000 INFO  [neo4j]: logged in
2025-11-18 16:57:55.604+0000 INFO  [neo4j]: logged in
2025-11-18 16:58:03.220+0000 INFO  [neo4j]: logged in
2025-11-18 16:58:03.262+0000 INFO  [neo4j]: logged in
2025-11-18 16:58:03.330+0000 INFO  [neo4j]: logged in
2025-11-18 16:58:13.657+0000 INFO  [neo4j]: logged in
2025-11-18 16:58:13.660+0000 INFO  [neo4j]: logged in
2025-11-18 16:58:13.660+0000 INFO  [neo4j]: logged in
2025-11-18 16:58:13.661+0000 INFO  [neo4j]: logged in
2025-11-18 16:58:13.728+0000 INFO  [neo4j]: logged in
2025-11-18 16:58:13.734+0000 INFO  [neo4j]: logged in
2025-11-18 16:58:13.735+0000 INFO  [neo4j]: logged in
2025-11-18 16:58:13.737+0000 INFO  [neo4j]: logged in
2025-11-18 16:58:13.913+0000 INFO  [neo4j]: logged in
2025-11-18 16:58:13.917+0000 INFO  [neo4j]: logged in
2025-11-18 16:58:14.225+0000 INFO  [neo4j]: logged in
2025-11-18 16:58:14.564+0000 INFO  [neo4j]: logged in
2025-11-18 16:58:18.787+0000 INFO  [neo4j]: logged in
2025-11-18 16:58:18.853+0000 INFO  [neo4j]: logged in
2025-11-18 16:58:18.946+0000 INFO  [neo4j]: logged in
2025-11-18 16:58:25.553+0000 INFO  [neo4j]: logged in
2025-11-18 16:58:25.628+0000 INFO  [neo4j]: logged in
2025-11-18 16:58:25.672+0000 INFO  [neo4j]: logged in
2025-11-18 16:58:25.730+0000 INFO  [neo4j]: logged in
2025-11-18 16:58:56.629+0000 INFO  [neo4j]: logged in
2025-11-18 16:58:56.676+0000 INFO  [neo4j]: logged in
2025-11-18 16:58:56.696+0000 INFO  [neo4j]: logged in
2025-11-18 16:58:56.744+0000 INFO  [neo4j]: logged in
2025-11-18 16:59:09.290+0000 INFO  [neo4j]: logged in within cluster
2025-11-18 16:59:26.810+0000 INFO  [neo4j]: logged in
2025-11-18 16:59:26.860+0000 INFO  [neo4j]: logged in
2025-11-18 16:59:26.880+0000 INFO  [neo4j]: logged in
2025-11-18 16:59:26.929+0000 INFO  [neo4j]: logged in
2025-11-18 16:59:57.359+0000 INFO  [neo4j]: logged in
2025-11-18 16:59:57.408+0000 INFO  [neo4j]: logged in
2025-11-18 16:59:57.431+0000 INFO  [neo4j]: logged in
2025-11-18 16:59:57.476+0000 INFO  [neo4j]: logged in
2025-11-18 17:00:05.778+0000 INFO  [neo4j]: logged in
2025-11-18 17:00:05.814+0000 INFO  [neo4j]: logged in
2025-11-18 17:00:05.932+0000 INFO  [neo4j]: logged in
2025-11-18 17:00:18.665+0000 INFO  [neo4j]: logged in within cluster
2025-11-18 17:00:28.171+0000 INFO  [neo4j]: logged in
2025-11-18 17:00:28.239+0000 INFO  [neo4j]: logged in
2025-11-18 17:00:28.269+0000 INFO  [neo4j]: logged in
2025-11-18 17:00:28.327+0000 INFO  [neo4j]: logged in
2025-11-18 17:00:37.993+0000 INFO  [neo4j]: logged in within cluster
2025-11-18 17:00:43.081+0000 INFO  [neo4j]: logged in within cluster
2025-11-18 17:00:58.642+0000 INFO  [neo4j]: logged in
2025-11-18 17:00:58.703+0000 INFO  [neo4j]: logged in
2025-11-18 17:00:58.736+0000 INFO  [neo4j]: logged in
2025-11-18 17:00:58.797+0000 INFO  [neo4j]: logged in
2025-11-18 17:01:28.810+0000 INFO  [neo4j]: logged in
2025-11-18 17:01:28.870+0000 INFO  [neo4j]: logged in
2025-11-18 17:01:28.898+0000 INFO  [neo4j]: logged in
2025-11-18 17:01:28.980+0000 INFO  [neo4j]: logged in
2025-11-18 17:01:58.935+0000 INFO  [neo4j]: logged in
2025-11-18 17:01:59.111+0000 INFO  [neo4j]: logged in
2025-11-18 17:01:59.230+0000 INFO  [neo4j]: logged in
2025-11-18 17:01:59.290+0000 INFO  [neo4j]: logged in
2025-11-18 17:02:00.784+0000 INFO  [neo4j]: logged in
2025-11-18 17:02:00.865+0000 INFO  [neo4j]: logged in
2025-11-18 17:02:01.119+0000 INFO  [neo4j]: logged in
2025-11-18 17:02:29.096+0000 INFO  [neo4j]: logged in
2025-11-18 17:02:29.155+0000 INFO  [neo4j]: logged in
2025-11-18 17:02:29.176+0000 INFO  [neo4j]: logged in
2025-11-18 17:02:29.237+0000 INFO  [neo4j]: logged in
2025-11-18 17:02:33.215+0000 INFO  [neo4j]: logged in
2025-11-18 17:02:33.250+0000 INFO  [neo4j]: logged in
2025-11-18 17:02:33.683+0000 INFO  [neo4j]: logged in
2025-11-18 17:02:33.812+0000 INFO  [neo4j]: logged in
2025-11-18 17:02:33.814+0000 INFO  [neo4j]: logged in
2025-11-18 17:02:33.814+0000 INFO  [neo4j]: logged in
2025-11-18 17:02:33.819+0000 INFO  [neo4j]: logged in
2025-11-18 17:02:33.823+0000 INFO  [neo4j]: logged in
2025-11-18 17:02:33.890+0000 INFO  [neo4j]: logged in
2025-11-18 17:02:33.890+0000 INFO  [neo4j]: logged in
2025-11-18 17:02:33.891+0000 INFO  [neo4j]: logged in
2025-11-18 17:02:33.892+0000 INFO  [neo4j]: logged in
2025-11-18 17:02:33.892+0000 INFO  [neo4j]: logged in
2025-11-18 17:02:33.945+0000 INFO  [neo4j]: logged in
2025-11-18 17:02:33.948+0000 INFO  [neo4j]: logged in
2025-11-18 17:02:34.007+0000 INFO  [neo4j]: logged in
2025-11-18 17:02:34.008+0000 INFO  [neo4j]: logged in
2025-11-18 17:02:34.159+0000 INFO  [neo4j]: logged in
2025-11-18 17:02:34.270+0000 INFO  [neo4j]: logged in
2025-11-18 17:02:34.271+0000 INFO  [neo4j]: logged in
2025-11-18 17:02:34.272+0000 INFO  [neo4j]: logged in
2025-11-18 17:02:34.274+0000 INFO  [neo4j]: logged in
2025-11-18 17:02:34.274+0000 INFO  [neo4j]: logged in
2025-11-18 17:02:34.332+0000 INFO  [neo4j]: logged in
2025-11-18 17:02:34.336+0000 INFO  [neo4j]: logged in
2025-11-18 17:02:34.343+0000 INFO  [neo4j]: logged in
2025-11-18 17:02:34.385+0000 INFO  [neo4j]: logged in
2025-11-18 17:02:34.386+0000 INFO  [neo4j]: logged in
2025-11-18 17:02:34.388+0000 INFO  [neo4j]: logged in
2025-11-18 17:02:34.388+0000 INFO  [neo4j]: logged in
2025-11-18 17:02:34.432+0000 INFO  [neo4j]: logged in
2025-11-18 17:02:34.436+0000 INFO  [neo4j]: logged in
2025-11-18 17:02:34.685+0000 INFO  [neo4j]: logged in
2025-11-18 17:02:34.787+0000 INFO  [neo4j]: logged in
2025-11-18 17:02:34.787+0000 INFO  [neo4j]: logged in
2025-11-18 17:02:34.790+0000 INFO  [neo4j]: logged in
2025-11-18 17:02:34.790+0000 INFO  [neo4j]: logged in
2025-11-18 17:02:34.839+0000 INFO  [neo4j]: logged in
2025-11-18 17:02:34.840+0000 INFO  [neo4j]: logged in
2025-11-18 17:02:34.840+0000 INFO  [neo4j]: logged in
2025-11-18 17:02:34.841+0000 INFO  [neo4j]: logged in
2025-11-18 17:02:34.896+0000 INFO  [neo4j]: logged in
2025-11-18 17:02:34.896+0000 INFO  [neo4j]: logged in
2025-11-18 17:02:34.897+0000 INFO  [neo4j]: logged in
2025-11-18 17:02:34.900+0000 INFO  [neo4j]: logged in
2025-11-18 17:02:59.786+0000 INFO  [neo4j]: logged in
2025-11-18 17:02:59.842+0000 INFO  [neo4j]: logged in
2025-11-18 17:02:59.868+0000 INFO  [neo4j]: logged in
2025-11-18 17:02:59.924+0000 INFO  [neo4j]: logged in
2025-11-18 17:03:29.881+0000 INFO  [neo4j]: logged in
2025-11-18 17:03:29.928+0000 INFO  [neo4j]: logged in
2025-11-18 17:03:29.952+0000 INFO  [neo4j]: logged in
2025-11-18 17:03:29.991+0000 INFO  [neo4j]: logged in
2025-11-18 17:04:00.938+0000 INFO  [neo4j]: logged in
2025-11-18 17:04:00.998+0000 INFO  [neo4j]: logged in
2025-11-18 17:04:01.024+0000 INFO  [neo4j]: logged in
2025-11-18 17:04:01.078+0000 INFO  [neo4j]: logged in
2025-11-18 17:04:31.118+0000 INFO  [neo4j]: logged in
2025-11-18 17:04:31.161+0000 INFO  [neo4j]: logged in
2025-11-18 17:04:31.180+0000 INFO  [neo4j]: logged in
2025-11-18 17:04:31.218+0000 INFO  [neo4j]: logged in
2025-11-18 17:05:01.254+0000 INFO  [neo4j]: logged in
2025-11-18 17:05:01.371+0000 INFO  [neo4j]: logged in
2025-11-18 17:05:01.419+0000 INFO  [neo4j]: logged in
2025-11-18 17:05:01.509+0000 INFO  [neo4j]: logged in
2025-11-18 17:05:32.312+0000 INFO  [neo4j]: logged in
2025-11-18 17:05:32.365+0000 INFO  [neo4j]: logged in
2025-11-18 17:05:32.387+0000 INFO  [neo4j]: logged in
2025-11-18 17:05:32.429+0000 INFO  [neo4j]: logged in
2025-11-18 17:05:32.717+0000 INFO  [neo4j]: logged in within cluster
2025-11-18 17:06:02.398+0000 INFO  [neo4j]: logged in
2025-11-18 17:06:02.437+0000 INFO  [neo4j]: logged in
2025-11-18 17:06:02.457+0000 INFO  [neo4j]: logged in
2025-11-18 17:06:02.501+0000 INFO  [neo4j]: logged in
2025-11-18 17:06:32.491+0000 INFO  [neo4j]: logged in
2025-11-18 17:06:32.538+0000 INFO  [neo4j]: logged in
2025-11-18 17:06:32.560+0000 INFO  [neo4j]: logged in
2025-11-18 17:06:32.610+0000 INFO  [neo4j]: logged in
2025-11-18 17:07:02.697+0000 INFO  [neo4j]: logged in
2025-11-18 17:07:02.737+0000 INFO  [neo4j]: logged in
2025-11-18 17:07:02.760+0000 INFO  [neo4j]: logged in
2025-11-18 17:07:02.803+0000 INFO  [neo4j]: logged in
2025-11-18 17:07:06.742+0000 INFO  [neo4j]: logged in within cluster
2025-11-18 17:07:32.793+0000 INFO  [neo4j]: logged in
2025-11-18 17:08:03.059+0000 INFO  [neo4j]: logged in
2025-11-18 17:08:03.132+0000 INFO  [neo4j]: logged in
2025-11-18 17:08:03.156+0000 INFO  [neo4j]: logged in
2025-11-18 17:08:03.205+0000 INFO  [neo4j]: logged in
2025-11-18 17:08:33.325+0000 INFO  [neo4j]: logged in
2025-11-18 17:09:06.681+0000 INFO  [neo4j]: logged in
2025-11-18 17:09:06.751+0000 INFO  [neo4j]: logged in
2025-11-18 17:09:10.222+0000 INFO  [neo4j]: logged in
2025-11-18 17:09:10.279+0000 INFO  [neo4j]: logged in
2025-11-18 17:09:10.424+0000 INFO  [neo4j]: logged in
2025-11-18 17:09:10.741+0000 INFO  [neo4j]: logged in
2025-11-18 17:09:10.743+0000 INFO  [neo4j]: logged in
2025-11-18 17:09:10.752+0000 INFO  [neo4j]: logged in
2025-11-18 17:09:10.764+0000 INFO  [neo4j]: logged in
2025-11-18 17:09:10.765+0000 INFO  [neo4j]: logged in
2025-11-18 17:09:10.802+0000 INFO  [neo4j]: logged in
2025-11-18 17:09:10.805+0000 INFO  [neo4j]: logged in
2025-11-18 17:09:10.835+0000 INFO  [neo4j]: logged in
2025-11-18 17:09:10.882+0000 INFO  [neo4j]: logged in
2025-11-18 17:09:10.935+0000 INFO  [neo4j]: logged in
2025-11-18 17:09:10.965+0000 INFO  [neo4j]: logged in
2025-11-18 17:09:10.967+0000 INFO  [neo4j]: logged in
2025-11-18 17:09:10.971+0000 INFO  [neo4j]: logged in
2025-11-18 17:09:10.978+0000 INFO  [neo4j]: logged in
2025-11-18 17:09:11.048+0000 INFO  [neo4j]: logged in
2025-11-18 17:09:11.274+0000 INFO  [neo4j]: logged in
2025-11-18 17:09:11.551+0000 INFO  [neo4j]: logged in
2025-11-18 17:09:11.576+0000 INFO  [neo4j]: logged in
2025-11-18 17:09:11.611+0000 INFO  [neo4j]: logged in
2025-11-18 17:09:11.708+0000 INFO  [neo4j]: logged in
2025-11-18 17:09:11.843+0000 INFO  [neo4j]: logged in
2025-11-18 17:09:12.631+0000 INFO  [neo4j]: logged in
2025-11-18 17:09:14.365+0000 INFO  [neo4j]: logged in
2025-11-18 17:09:14.625+0000 INFO  [neo4j]: logged in
2025-11-18 17:09:14.642+0000 INFO  [neo4j]: logged in
2025-11-18 17:09:41.800+0000 INFO  [neo4j]: logged in
2025-11-18 17:10:13.876+0000 INFO  [neo4j]: logged in
2025-11-18 17:10:13.950+0000 INFO  [neo4j]: logged in
2025-11-18 17:10:41.067+0000 INFO  [neo4j]: logged in within cluster
2025-11-18 17:10:41.067+0000 INFO  [neo4j]: logged in within cluster
2025-11-18 17:11:52.165+0000 INFO  [neo4j]: logged in
2025-11-18 17:11:52.225+0000 INFO  [neo4j]: logged in
2025-11-18 17:11:52.316+0000 INFO  [neo4j]: logged in
2025-11-18 17:11:52.373+0000 INFO  [neo4j]: logged in
2025-11-18 17:11:52.469+0000 INFO  [neo4j]: logged in
2025-11-18 17:11:52.635+0000 INFO  [neo4j]: logged in
2025-11-18 17:11:52.635+0000 INFO  [neo4j]: logged in
2025-11-18 17:11:52.636+0000 INFO  [neo4j]: logged in
2025-11-18 17:11:52.637+0000 INFO  [neo4j]: logged in
2025-11-18 17:11:52.638+0000 INFO  [neo4j]: logged in
2025-11-18 17:11:52.638+0000 INFO  [neo4j]: logged in
2025-11-18 17:11:52.655+0000 INFO  [neo4j]: logged in
2025-11-18 17:11:52.659+0000 INFO  [neo4j]: logged in
2025-11-18 17:11:52.679+0000 INFO  [neo4j]: logged in
2025-11-18 17:11:52.688+0000 INFO  [neo4j]: logged in
2025-11-18 17:11:52.698+0000 INFO  [neo4j]: logged in
2025-11-18 17:11:52.712+0000 INFO  [neo4j]: logged in
2025-11-18 17:11:52.724+0000 INFO  [neo4j]: logged in
2025-11-18 17:11:52.758+0000 INFO  [neo4j]: logged in
2025-11-18 17:11:52.805+0000 INFO  [neo4j]: logged in
2025-11-18 17:11:52.855+0000 INFO  [neo4j]: logged in
2025-11-18 17:11:52.882+0000 INFO  [neo4j]: logged in
2025-11-18 17:11:52.898+0000 INFO  [neo4j]: logged in
2025-11-18 17:11:52.948+0000 INFO  [neo4j]: logged in
2025-11-18 17:11:52.994+0000 INFO  [neo4j]: logged in
2025-11-18 17:11:53.038+0000 INFO  [neo4j]: logged in
2025-11-18 17:11:53.044+0000 INFO  [neo4j]: logged in
2025-11-18 17:11:53.129+0000 INFO  [neo4j]: logged in
2025-11-18 17:11:53.129+0000 INFO  [neo4j]: logged in
2025-11-18 17:11:53.129+0000 INFO  [neo4j]: logged in
2025-11-18 17:11:53.130+0000 INFO  [neo4j]: logged in
2025-11-18 17:11:53.167+0000 INFO  [neo4j]: logged in
2025-11-18 17:11:53.202+0000 INFO  [neo4j]: logged in
2025-11-18 17:11:53.240+0000 INFO  [neo4j]: logged in
2025-11-18 17:11:53.243+0000 INFO  [neo4j]: logged in
2025-11-18 17:11:53.245+0000 INFO  [neo4j]: logged in
2025-11-18 17:11:53.248+0000 INFO  [neo4j]: logged in
2025-11-18 17:11:53.327+0000 INFO  [neo4j]: logged in
2025-11-18 17:11:53.328+0000 INFO  [neo4j]: logged in
2025-11-18 17:11:53.328+0000 INFO  [neo4j]: logged in
2025-11-18 17:11:53.331+0000 INFO  [neo4j]: logged in
2025-11-18 17:11:53.335+0000 INFO  [neo4j]: logged in
2025-11-18 17:12:16.728+0000 INFO  [neo4j]: logged in
2025-11-18 17:12:16.729+0000 INFO  [neo4j]: logged in
2025-11-18 17:12:16.730+0000 INFO  [neo4j]: logged in
2025-11-18 17:12:16.731+0000 INFO  [neo4j]: logged in
2025-11-18 17:12:16.766+0000 INFO  [neo4j]: logged in
2025-11-18 17:12:16.766+0000 INFO  [neo4j]: logged in
2025-11-18 17:12:16.766+0000 INFO  [neo4j]: logged in
2025-11-18 17:12:16.767+0000 INFO  [neo4j]: logged in
2025-11-18 17:12:16.798+0000 INFO  [neo4j]: logged in
2025-11-18 17:12:16.798+0000 INFO  [neo4j]: logged in
2025-11-18 17:12:16.804+0000 INFO  [neo4j]: logged in
2025-11-18 17:12:16.807+0000 INFO  [neo4j]: logged in
2025-11-18 17:12:23.677+0000 INFO  [neo4j]: logged in
2025-11-18 17:12:23.718+0000 INFO  [neo4j]: logged in
2025-11-18 17:12:23.738+0000 INFO  [neo4j]: logged in
2025-11-18 17:12:23.790+0000 INFO  [neo4j]: logged in
2025-11-18 17:12:54.674+0000 INFO  [neo4j]: logged in
2025-11-18 17:12:54.753+0000 INFO  [neo4j]: logged in
2025-11-18 17:12:54.788+0000 INFO  [neo4j]: logged in
2025-11-18 17:12:54.843+0000 INFO  [neo4j]: logged in
2025-11-18 17:13:17.272+0000 INFO  [neo4j]: logged in
2025-11-18 17:13:17.330+0000 INFO  [neo4j]: logged in
2025-11-18 17:13:17.740+0000 INFO  [neo4j]: logged in
2025-11-18 17:13:17.759+0000 INFO  [neo4j]: logged in
2025-11-18 17:13:17.790+0000 INFO  [neo4j]: logged in
2025-11-18 17:13:17.892+0000 INFO  [neo4j]: logged in
2025-11-18 17:13:17.892+0000 INFO  [neo4j]: logged in
2025-11-18 17:13:17.893+0000 INFO  [neo4j]: logged in
2025-11-18 17:13:17.894+0000 INFO  [neo4j]: logged in
2025-11-18 17:13:17.894+0000 INFO  [neo4j]: logged in
2025-11-18 17:13:17.895+0000 INFO  [neo4j]: logged in
2025-11-18 17:13:17.911+0000 INFO  [neo4j]: logged in
2025-11-18 17:13:17.920+0000 INFO  [neo4j]: logged in
2025-11-18 17:13:17.948+0000 INFO  [neo4j]: logged in
2025-11-18 17:13:17.971+0000 INFO  [neo4j]: logged in
2025-11-18 17:13:17.971+0000 INFO  [neo4j]: logged in
2025-11-18 17:13:17.972+0000 INFO  [neo4j]: logged in
2025-11-18 17:13:17.973+0000 INFO  [neo4j]: logged in
2025-11-18 17:13:18.055+0000 INFO  [neo4j]: logged in
2025-11-18 17:13:18.074+0000 INFO  [neo4j]: logged in
2025-11-18 17:13:18.148+0000 INFO  [neo4j]: logged in
2025-11-18 17:13:18.176+0000 INFO  [neo4j]: logged in
2025-11-18 17:13:18.206+0000 INFO  [neo4j]: logged in
2025-11-18 17:13:18.287+0000 INFO  [neo4j]: logged in
2025-11-18 17:13:18.333+0000 INFO  [neo4j]: logged in
2025-11-18 17:13:18.372+0000 INFO  [neo4j]: logged in
2025-11-18 17:13:18.558+0000 INFO  [neo4j]: logged in
2025-11-18 17:13:18.572+0000 INFO  [neo4j]: logged in
2025-11-18 17:13:19.834+0000 INFO  [neo4j]: logged in
2025-11-18 17:13:20.101+0000 INFO  [neo4j]: logged in
2025-11-18 17:13:20.142+0000 INFO  [neo4j]: logged in
2025-11-18 17:13:20.142+0000 INFO  [neo4j]: logged in
2025-11-18 17:13:20.142+0000 INFO  [neo4j]: logged in
2025-11-18 17:13:20.143+0000 INFO  [neo4j]: logged in
2025-11-18 17:13:20.164+0000 INFO  [neo4j]: logged in
2025-11-18 17:13:20.168+0000 INFO  [neo4j]: logged in
2025-11-18 17:13:20.168+0000 INFO  [neo4j]: logged in
2025-11-18 17:13:20.168+0000 INFO  [neo4j]: logged in
2025-11-18 17:13:20.193+0000 INFO  [neo4j]: logged in
2025-11-18 17:13:20.202+0000 INFO  [neo4j]: logged in
2025-11-18 17:13:20.202+0000 INFO  [neo4j]: logged in
2025-11-18 17:13:20.211+0000 INFO  [neo4j]: logged in
2025-11-18 17:13:29.025+0000 INFO  [neo4j]: logged in within cluster
2025-11-18 17:13:48.144+0000 INFO  [neo4j]: logged in
2025-11-18 17:13:48.206+0000 INFO  [neo4j]: logged in
2025-11-18 17:13:48.226+0000 INFO  [neo4j]: logged in
2025-11-18 17:13:48.279+0000 INFO  [neo4j]: logged in
2025-11-18 17:13:55.674+0000 INFO  [neo4j]: logged in within cluster
2025-11-18 17:13:55.678+0000 INFO  [neo4j]: logged in within cluster
2025-11-18 17:14:13.298+0000 INFO  [neo4j]: logged in
2025-11-18 17:14:13.350+0000 INFO  [neo4j]: logged in
2025-11-18 17:14:13.393+0000 INFO  [neo4j]: logged in
2025-11-18 17:14:13.415+0000 INFO  [neo4j]: logged in
2025-11-18 17:14:13.456+0000 INFO  [neo4j]: logged in
2025-11-18 17:14:13.558+0000 INFO  [neo4j]: logged in
2025-11-18 17:14:13.559+0000 INFO  [neo4j]: logged in
2025-11-18 17:14:13.559+0000 INFO  [neo4j]: logged in
2025-11-18 17:14:13.559+0000 INFO  [neo4j]: logged in
2025-11-18 17:14:13.559+0000 INFO  [neo4j]: logged in
2025-11-18 17:14:13.560+0000 INFO  [neo4j]: logged in
2025-11-18 17:14:13.575+0000 INFO  [neo4j]: logged in
2025-11-18 17:14:13.591+0000 INFO  [neo4j]: logged in
2025-11-18 17:14:13.611+0000 INFO  [neo4j]: logged in
2025-11-18 17:14:13.612+0000 INFO  [neo4j]: logged in
2025-11-18 17:14:13.628+0000 INFO  [neo4j]: logged in
2025-11-18 17:14:13.628+0000 INFO  [neo4j]: logged in
2025-11-18 17:14:13.632+0000 INFO  [neo4j]: logged in
2025-11-18 17:14:13.641+0000 INFO  [neo4j]: logged in
2025-11-18 17:14:13.653+0000 INFO  [neo4j]: logged in
2025-11-18 17:14:13.683+0000 INFO  [neo4j]: logged in
2025-11-18 17:14:13.744+0000 INFO  [neo4j]: logged in
2025-11-18 17:14:13.757+0000 INFO  [neo4j]: logged in
2025-11-18 17:14:13.828+0000 INFO  [neo4j]: logged in
2025-11-18 17:14:13.885+0000 INFO  [neo4j]: logged in
2025-11-18 17:14:13.919+0000 INFO  [neo4j]: logged in
2025-11-18 17:14:14.003+0000 INFO  [neo4j]: logged in
2025-11-18 17:14:14.014+0000 INFO  [neo4j]: logged in
2025-11-18 17:14:14.031+0000 INFO  [neo4j]: logged in
2025-11-18 17:14:14.051+0000 INFO  [neo4j]: logged in
2025-11-18 17:14:43.736+0000 INFO  [neo4j]: logged in
2025-11-18 17:15:13.804+0000 INFO  [neo4j]: logged in
2025-11-18 17:15:13.845+0000 INFO  [neo4j]: logged in
2025-11-18 17:15:13.866+0000 INFO  [neo4j]: logged in
2025-11-18 17:15:13.911+0000 INFO  [neo4j]: logged in
2025-11-18 17:16:47.657+0000 INFO  [neo4j]: logged in
2025-11-18 17:16:47.944+0000 INFO  [neo4j]: logged in
2025-11-18 17:16:47.951+0000 INFO  [neo4j]: logged in
2025-11-18 17:16:47.960+0000 INFO  [neo4j]: logged in
2025-11-18 17:16:47.968+0000 INFO  [neo4j]: logged in
2025-11-18 17:16:47.976+0000 INFO  [neo4j]: logged in
2025-11-18 17:16:48.014+0000 INFO  [neo4j]: logged in
2025-11-18 17:16:48.062+0000 INFO  [neo4j]: logged in
2025-11-18 17:21:10.839+0000 INFO  [neo4j]: logged in
2025-11-18 17:21:11.027+0000 INFO  [neo4j]: logged in
2025-11-18 17:21:11.031+0000 INFO  [neo4j]: logged in
2025-11-18 17:21:11.044+0000 INFO  [neo4j]: logged in
2025-11-18 17:21:11.049+0000 INFO  [neo4j]: logged in
2025-11-18 17:21:11.078+0000 INFO  [neo4j]: logged in
2025-11-18 17:21:11.097+0000 INFO  [neo4j]: logged in
2025-11-18 17:21:11.331+0000 INFO  [neo4j]: logged in
2025-11-18 17:26:18.653+0000 INFO  [neo4j]: logged in within cluster
2025-11-18 17:26:18.658+0000 INFO  [neo4j]: logged in within cluster
2025-11-18 17:26:26.852+0000 INFO  [neo4j]: logged in
2025-11-18 17:26:27.144+0000 INFO  [neo4j]: logged in
2025-11-18 17:26:27.147+0000 INFO  [neo4j]: logged in
2025-11-18 17:26:27.160+0000 INFO  [neo4j]: logged in
2025-11-18 17:26:27.170+0000 INFO  [neo4j]: logged in
2025-11-18 17:26:27.199+0000 INFO  [neo4j]: logged in
2025-11-18 17:26:27.217+0000 INFO  [neo4j]: logged in
2025-11-18 17:26:27.280+0000 INFO  [neo4j]: logged in
2025-11-18 17:26:27.641+0000 INFO  [neo4j]: logged in
2025-11-18 17:26:27.644+0000 INFO  [neo4j]: logged in
2025-11-18 17:26:35.268+0000 INFO  [neo4j]: STOP DATABASE redesocial
2025-11-18 17:26:35.624+0000 INFO  [neo4j]: DROP DATABASE redesocial IF EXISTS RESTRICT DESTROY DATA
2025-11-18 17:26:50.059+0000 INFO  [neo4j]: logged in
2025-11-18 17:26:50.453+0000 INFO  [neo4j]: logged in
2025-11-18 17:26:50.454+0000 INFO  [neo4j]: logged in
2025-11-18 17:26:50.469+0000 INFO  [neo4j]: logged in
2025-11-18 17:26:50.494+0000 INFO  [neo4j]: logged in
2025-11-18 17:26:50.536+0000 INFO  [neo4j]: logged in
2025-11-18 17:26:50.575+0000 INFO  [neo4j]: logged in
2025-11-18 17:26:50.578+0000 INFO  [neo4j]: logged in
